{"/Users/jeroch/GitHub/Constantec/Aplicacion_Constantec/constantec-web-app/src/App.css": {"path":"/Users/jeroch/GitHub/Constantec/Aplicacion_Constantec/constantec-web-app/src/App.css","statementMap":{},"fnMap":{},"branchMap":{},"s":{},"f":{},"b":{},"meta":{"lastBranch":0,"lastFunction":0,"lastStatement":0,"seen":{}}}
,"/Users/jeroch/GitHub/Constantec/Aplicacion_Constantec/constantec-web-app/src/App.jsx": {"path":"/Users/jeroch/GitHub/Constantec/Aplicacion_Constantec/constantec-web-app/src/App.jsx","statementMap":{"0":{"start":{"line":11,"column":24},"end":{"line":13,"column":null}},"1":{"start":{"line":12,"column":2},"end":{"line":12,"column":null}},"2":{"start":{"line":15,"column":6},"end":{"line":17,"column":null}},"3":{"start":{"line":16,"column":19},"end":{"line":16,"column":null}},"4":{"start":{"line":19,"column":6},"end":{"line":28,"column":null}},"5":{"start":{"line":20,"column":24},"end":{"line":20,"column":null}},"6":{"start":{"line":24,"column":4},"end":{"line":26,"column":null}},"7":{"start":{"line":25,"column":6},"end":{"line":25,"column":null}},"8":{"start":{"line":30,"column":6},"end":{"line":39,"column":null}},"9":{"start":{"line":31,"column":24},"end":{"line":31,"column":null}},"10":{"start":{"line":35,"column":4},"end":{"line":37,"column":null}},"11":{"start":{"line":36,"column":6},"end":{"line":36,"column":null}},"12":{"start":{"line":41,"column":18},"end":{"line":41,"column":null}},"13":{"start":{"line":43,"column":6},"end":{"line":43,"column":null}},"14":{"start":{"line":46,"column":2},"end":{"line":49,"column":null}}},"fnMap":{"0":{"name":"(anonymous_0)","decl":{"start":{"line":11,"column":24},"end":{"line":11,"column":30}},"loc":{"start":{"line":11,"column":30},"end":{"line":13,"column":null}},"line":11},"1":{"name":"(anonymous_1)","decl":{"start":{"line":16,"column":13},"end":{"line":16,"column":19}},"loc":{"start":{"line":16,"column":19},"end":{"line":16,"column":null}},"line":16},"2":{"name":"(anonymous_2)","decl":{"start":{"line":20,"column":18},"end":{"line":20,"column":24}},"loc":{"start":{"line":20,"column":24},"end":{"line":20,"column":null}},"line":20},"3":{"name":"(anonymous_3)","decl":{"start":{"line":23,"column":14},"end":{"line":23,"column":20}},"loc":{"start":{"line":23,"column":20},"end":{"line":27,"column":null}},"line":23},"4":{"name":"(anonymous_4)","decl":{"start":{"line":31,"column":18},"end":{"line":31,"column":24}},"loc":{"start":{"line":31,"column":24},"end":{"line":31,"column":null}},"line":31},"5":{"name":"(anonymous_5)","decl":{"start":{"line":34,"column":14},"end":{"line":34,"column":20}},"loc":{"start":{"line":34,"column":20},"end":{"line":38,"column":null}},"line":34},"6":{"name":"App","decl":{"start":{"line":45,"column":9},"end":{"line":45,"column":15}},"loc":{"start":{"line":45,"column":15},"end":{"line":51,"column":null}},"line":45}},"branchMap":{"0":{"loc":{"start":{"line":24,"column":4},"end":{"line":26,"column":null}},"type":"if","locations":[{"start":{"line":24,"column":4},"end":{"line":26,"column":null}},{"start":{},"end":{}}],"line":24},"1":{"loc":{"start":{"line":35,"column":4},"end":{"line":37,"column":null}},"type":"if","locations":[{"start":{"line":35,"column":4},"end":{"line":37,"column":null}},{"start":{},"end":{}}],"line":35}},"s":{"0":0,"1":0,"2":0,"3":0,"4":0,"5":0,"6":0,"7":0,"8":0,"9":0,"10":0,"11":0,"12":0,"13":0,"14":0},"f":{"0":0,"1":0,"2":0,"3":0,"4":0,"5":0,"6":0},"b":{"0":[0,0],"1":[0,0]},"meta":{"lastBranch":2,"lastFunction":7,"lastStatement":15,"seen":{"s:11:24:13:Infinity":0,"f:11:24:11:30":0,"s:12:2:12:Infinity":1,"s:15:6:17:Infinity":2,"f:16:13:16:19":1,"s:16:19:16:Infinity":3,"s:19:6:28:Infinity":4,"f:20:18:20:24":2,"s:20:24:20:Infinity":5,"f:23:14:23:20":3,"b:24:4:26:Infinity:undefined:undefined:undefined:undefined":0,"s:24:4:26:Infinity":6,"s:25:6:25:Infinity":7,"s:30:6:39:Infinity":8,"f:31:18:31:24":4,"s:31:24:31:Infinity":9,"f:34:14:34:20":5,"b:35:4:37:Infinity:undefined:undefined:undefined:undefined":1,"s:35:4:37:Infinity":10,"s:36:6:36:Infinity":11,"s:41:18:41:Infinity":12,"s:43:6:43:Infinity":13,"f:45:9:45:15":6,"s:46:2:49:Infinity":14}}}
,"/Users/jeroch/GitHub/Constantec/Aplicacion_Constantec/constantec-web-app/src/index.css": {"path":"/Users/jeroch/GitHub/Constantec/Aplicacion_Constantec/constantec-web-app/src/index.css","statementMap":{},"fnMap":{},"branchMap":{},"s":{},"f":{},"b":{},"meta":{"lastBranch":0,"lastFunction":0,"lastStatement":0,"seen":{}}}
,"/Users/jeroch/GitHub/Constantec/Aplicacion_Constantec/constantec-web-app/src/api/axiosClient.js": {"path":"/Users/jeroch/GitHub/Constantec/Aplicacion_Constantec/constantec-web-app/src/api/axiosClient.js","statementMap":{"0":{"start":{"line":3,"column":20},"end":{"line":10,"column":null}},"1":{"start":{"line":13,"column":0},"end":{"line":22,"column":null}},"2":{"start":{"line":15,"column":18},"end":{"line":15,"column":null}},"3":{"start":{"line":16,"column":4},"end":{"line":18,"column":null}},"4":{"start":{"line":17,"column":6},"end":{"line":17,"column":null}},"5":{"start":{"line":19,"column":4},"end":{"line":19,"column":null}},"6":{"start":{"line":21,"column":13},"end":{"line":21,"column":null}},"7":{"start":{"line":24,"column":0},"end":{"line":36,"column":null}},"8":{"start":{"line":25,"column":16},"end":{"line":25,"column":24}},"9":{"start":{"line":27,"column":27},"end":{"line":27,"column":null}},"10":{"start":{"line":28,"column":4},"end":{"line":33,"column":null}},"11":{"start":{"line":30,"column":6},"end":{"line":30,"column":null}},"12":{"start":{"line":31,"column":6},"end":{"line":31,"column":null}},"13":{"start":{"line":32,"column":6},"end":{"line":32,"column":null}},"14":{"start":{"line":34,"column":4},"end":{"line":34,"column":null}}},"fnMap":{"0":{"name":"(anonymous_0)","decl":{"start":{"line":14,"column":2},"end":{"line":14,"column":3}},"loc":{"start":{"line":14,"column":14},"end":{"line":20,"column":3}},"line":14},"1":{"name":"(anonymous_1)","decl":{"start":{"line":21,"column":2},"end":{"line":21,"column":3}},"loc":{"start":{"line":21,"column":13},"end":{"line":21,"column":null}},"line":21},"2":{"name":"(anonymous_2)","decl":{"start":{"line":25,"column":2},"end":{"line":25,"column":3}},"loc":{"start":{"line":25,"column":16},"end":{"line":25,"column":24}},"line":25},"3":{"name":"(anonymous_3)","decl":{"start":{"line":26,"column":2},"end":{"line":26,"column":3}},"loc":{"start":{"line":26,"column":13},"end":{"line":35,"column":null}},"line":26}},"branchMap":{"0":{"loc":{"start":{"line":16,"column":4},"end":{"line":18,"column":null}},"type":"if","locations":[{"start":{"line":16,"column":4},"end":{"line":18,"column":null}},{"start":{},"end":{}}],"line":16},"1":{"loc":{"start":{"line":28,"column":4},"end":{"line":33,"column":null}},"type":"if","locations":[{"start":{"line":28,"column":4},"end":{"line":33,"column":null}},{"start":{},"end":{}}],"line":28},"2":{"loc":{"start":{"line":28,"column":8},"end":{"line":28,"column":57}},"type":"binary-expr","locations":[{"start":{"line":28,"column":8},"end":{"line":28,"column":38}},{"start":{"line":28,"column":42},"end":{"line":28,"column":57}}],"line":28}},"s":{"0":0,"1":0,"2":0,"3":0,"4":0,"5":0,"6":0,"7":0,"8":0,"9":0,"10":0,"11":0,"12":0,"13":0,"14":0},"f":{"0":0,"1":0,"2":0,"3":0},"b":{"0":[0,0],"1":[0,0],"2":[0,0]},"meta":{"lastBranch":3,"lastFunction":4,"lastStatement":15,"seen":{"s:3:20:10:Infinity":0,"s:13:0:22:Infinity":1,"f:14:2:14:3":0,"s:15:18:15:Infinity":2,"b:16:4:18:Infinity:undefined:undefined:undefined:undefined":0,"s:16:4:18:Infinity":3,"s:17:6:17:Infinity":4,"s:19:4:19:Infinity":5,"f:21:2:21:3":1,"s:21:13:21:Infinity":6,"s:24:0:36:Infinity":7,"f:25:2:25:3":2,"s:25:16:25:24":8,"f:26:2:26:3":3,"s:27:27:27:Infinity":9,"b:28:4:33:Infinity:undefined:undefined:undefined:undefined":1,"s:28:4:33:Infinity":10,"b:28:8:28:38:28:42:28:57":2,"s:30:6:30:Infinity":11,"s:31:6:31:Infinity":12,"s:32:6:32:Infinity":13,"s:34:4:34:Infinity":14}}}
,"/Users/jeroch/GitHub/Constantec/Aplicacion_Constantec/constantec-web-app/src/assets/react.svg": {"path":"/Users/jeroch/GitHub/Constantec/Aplicacion_Constantec/constantec-web-app/src/assets/react.svg","statementMap":{},"fnMap":{},"branchMap":{},"s":{},"f":{},"b":{},"meta":{"lastBranch":0,"lastFunction":0,"lastStatement":0,"seen":{}}}
,"/Users/jeroch/GitHub/Constantec/Aplicacion_Constantec/constantec-web-app/src/assets/images/constantec_logo.jpg": {"path":"/Users/jeroch/GitHub/Constantec/Aplicacion_Constantec/constantec-web-app/src/assets/images/constantec_logo.jpg","statementMap":{},"fnMap":{},"branchMap":{},"s":{},"f":{},"b":{},"meta":{"lastBranch":0,"lastFunction":0,"lastStatement":0,"seen":{}}}
,"/Users/jeroch/GitHub/Constantec/Aplicacion_Constantec/constantec-web-app/src/assets/images/itl_logo.jpg": {"path":"/Users/jeroch/GitHub/Constantec/Aplicacion_Constantec/constantec-web-app/src/assets/images/itl_logo.jpg","statementMap":{},"fnMap":{},"branchMap":{},"s":{},"f":{},"b":{},"meta":{"lastBranch":0,"lastFunction":0,"lastStatement":0,"seen":{}}}
,"/Users/jeroch/GitHub/Constantec/Aplicacion_Constantec/constantec-web-app/src/assets/images/login_image.jpeg": {"path":"/Users/jeroch/GitHub/Constantec/Aplicacion_Constantec/constantec-web-app/src/assets/images/login_image.jpeg","statementMap":{},"fnMap":{},"branchMap":{},"s":{},"f":{},"b":{},"meta":{"lastBranch":0,"lastFunction":0,"lastStatement":0,"seen":{}}}
,"/Users/jeroch/GitHub/Constantec/Aplicacion_Constantec/constantec-web-app/src/assets/images/profile.png": {"path":"/Users/jeroch/GitHub/Constantec/Aplicacion_Constantec/constantec-web-app/src/assets/images/profile.png","statementMap":{},"fnMap":{},"branchMap":{},"s":{},"f":{},"b":{},"meta":{"lastBranch":0,"lastFunction":0,"lastStatement":0,"seen":{}}}
,"/Users/jeroch/GitHub/Constantec/Aplicacion_Constantec/constantec-web-app/src/pages/index.ts": {"path":"/Users/jeroch/GitHub/Constantec/Aplicacion_Constantec/constantec-web-app/src/pages/index.ts","statementMap":{"0":{"start":{"line":1,"column":0},"end":{"line":1,"column":null}},"1":{"start":{"line":2,"column":0},"end":{"line":2,"column":null}},"2":{"start":{"line":3,"column":0},"end":{"line":3,"column":null}},"3":{"start":{"line":4,"column":0},"end":{"line":4,"column":null}},"4":{"start":{"line":5,"column":0},"end":{"line":5,"column":null}},"5":{"start":{"line":6,"column":0},"end":{"line":6,"column":null}},"6":{"start":{"line":7,"column":0},"end":{"line":7,"column":null}}},"fnMap":{},"branchMap":{},"s":{"0":0,"1":0,"2":0,"3":0,"4":0,"5":0,"6":0},"f":{},"b":{},"meta":{"lastBranch":0,"lastFunction":0,"lastStatement":7,"seen":{"s:1:0:1:Infinity":0,"s:2:0:2:Infinity":1,"s:3:0:3:Infinity":2,"s:4:0:4:Infinity":3,"s:5:0:5:Infinity":4,"s:6:0:6:Infinity":5,"s:7:0:7:Infinity":6}}}
,"/Users/jeroch/GitHub/Constantec/Aplicacion_Constantec/constantec-web-app/src/pages/dashboard/Dashboard.tsx": {"path":"/Users/jeroch/GitHub/Constantec/Aplicacion_Constantec/constantec-web-app/src/pages/dashboard/Dashboard.tsx","statementMap":{"0":{"start":{"line":13,"column":25},"end":{"line":108,"column":null}},"1":{"start":{"line":14,"column":24},"end":{"line":14,"column":null}},"2":{"start":{"line":16,"column":2},"end":{"line":41,"column":null}},"3":{"start":{"line":17,"column":23},"end":{"line":35,"column":null}},"4":{"start":{"line":18,"column":20},"end":{"line":18,"column":null}},"5":{"start":{"line":19,"column":6},"end":{"line":34,"column":null}},"6":{"start":{"line":20,"column":8},"end":{"line":31,"column":null}},"7":{"start":{"line":21,"column":16},"end":{"line":21,"column":null}},"8":{"start":{"line":22,"column":31},"end":{"line":22,"column":null}},"9":{"start":{"line":24,"column":10},"end":{"line":28,"column":null}},"10":{"start":{"line":26,"column":12},"end":{"line":26,"column":null}},"11":{"start":{"line":27,"column":12},"end":{"line":27,"column":null}},"12":{"start":{"line":30,"column":10},"end":{"line":30,"column":null}},"13":{"start":{"line":33,"column":8},"end":{"line":33,"column":null}},"14":{"start":{"line":37,"column":4},"end":{"line":37,"column":null}},"15":{"start":{"line":39,"column":22},"end":{"line":39,"column":null}},"16":{"start":{"line":40,"column":4},"end":{"line":40,"column":null}},"17":{"start":{"line":40,"column":17},"end":{"line":40,"column":null}},"18":{"start":{"line":43,"column":24},"end":{"line":46,"column":null}},"19":{"start":{"line":44,"column":4},"end":{"line":44,"column":null}},"20":{"start":{"line":45,"column":4},"end":{"line":45,"column":null}},"21":{"start":{"line":48,"column":2},"end":{"line":106,"column":null}}},"fnMap":{"0":{"name":"(anonymous_0)","decl":{"start":{"line":13,"column":25},"end":{"line":13,"column":31}},"loc":{"start":{"line":13,"column":31},"end":{"line":108,"column":null}},"line":13},"1":{"name":"(anonymous_1)","decl":{"start":{"line":16,"column":12},"end":{"line":16,"column":18}},"loc":{"start":{"line":16,"column":18},"end":{"line":41,"column":5}},"line":16},"2":{"name":"(anonymous_2)","decl":{"start":{"line":17,"column":23},"end":{"line":17,"column":29}},"loc":{"start":{"line":17,"column":29},"end":{"line":35,"column":null}},"line":17},"3":{"name":"(anonymous_3)","decl":{"start":{"line":40,"column":11},"end":{"line":40,"column":17}},"loc":{"start":{"line":40,"column":17},"end":{"line":40,"column":null}},"line":40},"4":{"name":"(anonymous_4)","decl":{"start":{"line":43,"column":24},"end":{"line":43,"column":30}},"loc":{"start":{"line":43,"column":30},"end":{"line":46,"column":null}},"line":43}},"branchMap":{"0":{"loc":{"start":{"line":19,"column":6},"end":{"line":34,"column":null}},"type":"if","locations":[{"start":{"line":19,"column":6},"end":{"line":34,"column":null}},{"start":{"line":32,"column":13},"end":{"line":34,"column":null}}],"line":19},"1":{"loc":{"start":{"line":24,"column":10},"end":{"line":28,"column":null}},"type":"if","locations":[{"start":{"line":24,"column":10},"end":{"line":28,"column":null}},{"start":{},"end":{}}],"line":24}},"s":{"0":0,"1":0,"2":0,"3":0,"4":0,"5":0,"6":0,"7":0,"8":0,"9":0,"10":0,"11":0,"12":0,"13":0,"14":0,"15":0,"16":0,"17":0,"18":0,"19":0,"20":0,"21":0},"f":{"0":0,"1":0,"2":0,"3":0,"4":0},"b":{"0":[0,0],"1":[0,0]},"meta":{"lastBranch":2,"lastFunction":5,"lastStatement":22,"seen":{"s:13:25:108:Infinity":0,"f:13:25:13:31":0,"s:14:24:14:Infinity":1,"s:16:2:41:Infinity":2,"f:16:12:16:18":1,"s:17:23:35:Infinity":3,"f:17:23:17:29":2,"s:18:20:18:Infinity":4,"b:19:6:34:Infinity:32:13:34:Infinity":0,"s:19:6:34:Infinity":5,"s:20:8:31:Infinity":6,"s:21:16:21:Infinity":7,"s:22:31:22:Infinity":8,"b:24:10:28:Infinity:undefined:undefined:undefined:undefined":1,"s:24:10:28:Infinity":9,"s:26:12:26:Infinity":10,"s:27:12:27:Infinity":11,"s:30:10:30:Infinity":12,"s:33:8:33:Infinity":13,"s:37:4:37:Infinity":14,"s:39:22:39:Infinity":15,"s:40:4:40:Infinity":16,"f:40:11:40:17":3,"s:40:17:40:Infinity":17,"s:43:24:46:Infinity":18,"f:43:24:43:30":4,"s:44:4:44:Infinity":19,"s:45:4:45:Infinity":20,"s:48:2:106:Infinity":21}}}
,"/Users/jeroch/GitHub/Constantec/Aplicacion_Constantec/constantec-web-app/src/pages/dashboard/index.tsx": {"path":"/Users/jeroch/GitHub/Constantec/Aplicacion_Constantec/constantec-web-app/src/pages/dashboard/index.tsx","statementMap":{"0":{"start":{"line":1,"column":0},"end":{"line":1,"column":null}}},"fnMap":{},"branchMap":{},"s":{"0":0},"f":{},"b":{},"meta":{"lastBranch":0,"lastFunction":0,"lastStatement":1,"seen":{"s:1:0:1:Infinity":0}}}
,"/Users/jeroch/GitHub/Constantec/Aplicacion_Constantec/constantec-web-app/src/pages/encuesta-satisfaccion/EncuestaSatisfaccion.tsx": {"path":"/Users/jeroch/GitHub/Constantec/Aplicacion_Constantec/constantec-web-app/src/pages/encuesta-satisfaccion/EncuestaSatisfaccion.tsx","statementMap":{"0":{"start":{"line":15,"column":23},"end":{"line":26,"column":null}},"1":{"start":{"line":20,"column":19},"end":{"line":24,"column":null}},"2":{"start":{"line":25,"column":2},"end":{"line":25,"column":null}},"3":{"start":{"line":28,"column":36},"end":{"line":187,"column":null}},"4":{"start":{"line":29,"column":24},"end":{"line":29,"column":null}},"5":{"start":{"line":34,"column":2},"end":{"line":34,"column":null}},"6":{"start":{"line":36,"column":24},"end":{"line":36,"column":null}},"7":{"start":{"line":37,"column":34},"end":{"line":37,"column":null}},"8":{"start":{"line":38,"column":28},"end":{"line":38,"column":null}},"9":{"start":{"line":39,"column":32},"end":{"line":39,"column":null}},"10":{"start":{"line":40,"column":26},"end":{"line":42,"column":null}},"11":{"start":{"line":44,"column":23},"end":{"line":60,"column":null}},"12":{"start":{"line":45,"column":4},"end":{"line":45,"column":null}},"13":{"start":{"line":46,"column":4},"end":{"line":46,"column":null}},"14":{"start":{"line":47,"column":4},"end":{"line":47,"column":null}},"15":{"start":{"line":48,"column":4},"end":{"line":59,"column":null}},"16":{"start":{"line":49,"column":6},"end":{"line":49,"column":null}},"17":{"start":{"line":50,"column":6},"end":{"line":50,"column":null}},"18":{"start":{"line":51,"column":6},"end":{"line":51,"column":null}},"19":{"start":{"line":52,"column":6},"end":{"line":52,"column":null}},"20":{"start":{"line":53,"column":6},"end":{"line":53,"column":null}},"21":{"start":{"line":55,"column":6},"end":{"line":57,"column":null}},"22":{"start":{"line":58,"column":6},"end":{"line":58,"column":null}},"23":{"start":{"line":62,"column":2},"end":{"line":66,"column":null}},"24":{"start":{"line":63,"column":4},"end":{"line":65,"column":null}},"25":{"start":{"line":64,"column":6},"end":{"line":64,"column":null}},"26":{"start":{"line":68,"column":2},"end":{"line":72,"column":null}},"27":{"start":{"line":69,"column":4},"end":{"line":72,"column":null}},"28":{"start":{"line":75,"column":2},"end":{"line":185,"column":null}},"29":{"start":{"line":113,"column":16},"end":{"line":136,"column":null}},"30":{"start":{"line":128,"column":36},"end":{"line":128,"column":null}},"31":{"start":{"line":156,"column":20},"end":{"line":156,"column":null}},"32":{"start":{"line":157,"column":20},"end":{"line":157,"column":null}}},"fnMap":{"0":{"name":"(anonymous_0)","decl":{"start":{"line":15,"column":23},"end":{"line":15,"column":null}},"loc":{"start":{"line":19,"column":5},"end":{"line":26,"column":null}},"line":19},"1":{"name":"(anonymous_1)","decl":{"start":{"line":28,"column":36},"end":{"line":28,"column":42}},"loc":{"start":{"line":28,"column":42},"end":{"line":187,"column":null}},"line":28},"2":{"name":"(anonymous_2)","decl":{"start":{"line":44,"column":23},"end":{"line":44,"column":30}},"loc":{"start":{"line":44,"column":53},"end":{"line":60,"column":null}},"line":44},"3":{"name":"(anonymous_3)","decl":{"start":{"line":62,"column":12},"end":{"line":62,"column":18}},"loc":{"start":{"line":62,"column":18},"end":{"line":66,"column":5}},"line":62},"4":{"name":"(anonymous_4)","decl":{"start":{"line":112,"column":35},"end":{"line":112,"column":36}},"loc":{"start":{"line":113,"column":16},"end":{"line":136,"column":null}},"line":113},"5":{"name":"(anonymous_5)","decl":{"start":{"line":128,"column":30},"end":{"line":128,"column":36}},"loc":{"start":{"line":128,"column":36},"end":{"line":128,"column":null}},"line":128},"6":{"name":"(anonymous_6)","decl":{"start":{"line":155,"column":28},"end":{"line":155,"column":29}},"loc":{"start":{"line":155,"column":35},"end":{"line":158,"column":null}},"line":155}},"branchMap":{"0":{"loc":{"start":{"line":56,"column":8},"end":{"line":56,"column":null}},"type":"binary-expr","locations":[{"start":{"line":56,"column":8},"end":{"line":56,"column":41}},{"start":{"line":56,"column":41},"end":{"line":56,"column":null}}],"line":56},"1":{"loc":{"start":{"line":63,"column":4},"end":{"line":65,"column":null}},"type":"if","locations":[{"start":{"line":63,"column":4},"end":{"line":65,"column":null}},{"start":{},"end":{}}],"line":63},"2":{"loc":{"start":{"line":68,"column":2},"end":{"line":72,"column":null}},"type":"if","locations":[{"start":{"line":68,"column":2},"end":{"line":72,"column":null}},{"start":{},"end":{}}],"line":68},"3":{"loc":{"start":{"line":84,"column":9},"end":{"line":182,"column":null}},"type":"cond-expr","locations":[{"start":{"line":85,"column":10},"end":{"line":92,"column":null}},{"start":{"line":94,"column":10},"end":{"line":182,"column":null}}],"line":84},"4":{"loc":{"start":{"line":133,"column":41},"end":{"line":133,"column":null}},"type":"cond-expr","locations":[{"start":{"line":133,"column":57},"end":{"line":133,"column":66}},{"start":{"line":133,"column":66},"end":{"line":133,"column":null}}],"line":133},"5":{"loc":{"start":{"line":154,"column":28},"end":{"line":154,"column":null}},"type":"binary-expr","locations":[{"start":{"line":154,"column":28},"end":{"line":154,"column":52}},{"start":{"line":154,"column":52},"end":{"line":154,"column":null}}],"line":154},"6":{"loc":{"start":{"line":166,"column":26},"end":{"line":166,"column":null}},"type":"binary-expr","locations":[{"start":{"line":166,"column":26},"end":{"line":166,"column":44}},{"start":{"line":166,"column":44},"end":{"line":166,"column":55}},{"start":{"line":166,"column":55},"end":{"line":166,"column":null}}],"line":166},"7":{"loc":{"start":{"line":168,"column":17},"end":{"line":168,"column":null}},"type":"cond-expr","locations":[{"start":{"line":168,"column":40},"end":{"line":168,"column":54}},{"start":{"line":168,"column":54},"end":{"line":168,"column":null}}],"line":168},"8":{"loc":{"start":{"line":172,"column":13},"end":{"line":175,"column":null}},"type":"binary-expr","locations":[{"start":{"line":172,"column":13},"end":{"line":172,"column":null}},{"start":{"line":173,"column":14},"end":{"line":175,"column":null}}],"line":172},"9":{"loc":{"start":{"line":177,"column":13},"end":{"line":180,"column":null}},"type":"binary-expr","locations":[{"start":{"line":177,"column":13},"end":{"line":177,"column":24}},{"start":{"line":177,"column":24},"end":{"line":177,"column":null}},{"start":{"line":178,"column":14},"end":{"line":180,"column":null}}],"line":177}},"s":{"0":0,"1":0,"2":0,"3":0,"4":0,"5":0,"6":0,"7":0,"8":0,"9":0,"10":0,"11":0,"12":0,"13":0,"14":0,"15":0,"16":0,"17":0,"18":0,"19":0,"20":0,"21":0,"22":0,"23":0,"24":0,"25":0,"26":0,"27":0,"28":0,"29":0,"30":0,"31":0,"32":0},"f":{"0":0,"1":0,"2":0,"3":0,"4":0,"5":0,"6":0},"b":{"0":[0,0],"1":[0,0],"2":[0,0],"3":[0,0],"4":[0,0],"5":[0,0],"6":[0,0,0],"7":[0,0],"8":[0,0],"9":[0,0,0]},"meta":{"lastBranch":10,"lastFunction":7,"lastStatement":33,"seen":{"s:15:23:26:Infinity":0,"f:15:23:15:Infinity":0,"s:20:19:24:Infinity":1,"s:25:2:25:Infinity":2,"s:28:36:187:Infinity":3,"f:28:36:28:42":1,"s:29:24:29:Infinity":4,"s:34:2:34:Infinity":5,"s:36:24:36:Infinity":6,"s:37:34:37:Infinity":7,"s:38:28:38:Infinity":8,"s:39:32:39:Infinity":9,"s:40:26:42:Infinity":10,"s:44:23:60:Infinity":11,"f:44:23:44:30":2,"s:45:4:45:Infinity":12,"s:46:4:46:Infinity":13,"s:47:4:47:Infinity":14,"s:48:4:59:Infinity":15,"s:49:6:49:Infinity":16,"s:50:6:50:Infinity":17,"s:51:6:51:Infinity":18,"s:52:6:52:Infinity":19,"s:53:6:53:Infinity":20,"s:55:6:57:Infinity":21,"b:56:8:56:41:56:41:56:Infinity":0,"s:58:6:58:Infinity":22,"s:62:2:66:Infinity":23,"f:62:12:62:18":3,"b:63:4:65:Infinity:undefined:undefined:undefined:undefined":1,"s:63:4:65:Infinity":24,"s:64:6:64:Infinity":25,"b:68:2:72:Infinity:undefined:undefined:undefined:undefined":2,"s:68:2:72:Infinity":26,"s:69:4:72:Infinity":27,"s:75:2:185:Infinity":28,"b:85:10:92:Infinity:94:10:182:Infinity":3,"f:112:35:112:36":4,"s:113:16:136:Infinity":29,"f:128:30:128:36":5,"s:128:36:128:Infinity":30,"b:133:57:133:66:133:66:133:Infinity":4,"b:154:28:154:52:154:52:154:Infinity":5,"f:155:28:155:29":6,"s:156:20:156:Infinity":31,"s:157:20:157:Infinity":32,"b:166:26:166:44:166:44:166:55:166:55:166:Infinity":6,"b:168:40:168:54:168:54:168:Infinity":7,"b:172:13:172:Infinity:173:14:175:Infinity":8,"b:177:13:177:24:177:24:177:Infinity:178:14:180:Infinity":9}}}
,"/Users/jeroch/GitHub/Constantec/Aplicacion_Constantec/constantec-web-app/src/pages/encuesta-satisfaccion/index.tsx": {"path":"/Users/jeroch/GitHub/Constantec/Aplicacion_Constantec/constantec-web-app/src/pages/encuesta-satisfaccion/index.tsx","statementMap":{"0":{"start":{"line":1,"column":0},"end":{"line":1,"column":null}}},"fnMap":{},"branchMap":{},"s":{"0":0},"f":{},"b":{},"meta":{"lastBranch":0,"lastFunction":0,"lastStatement":1,"seen":{"s:1:0:1:Infinity":0}}}
,"/Users/jeroch/GitHub/Constantec/Aplicacion_Constantec/constantec-web-app/src/pages/encuesta-satisfaccion/useGetEncuestaEstatus.tsx": {"path":"/Users/jeroch/GitHub/Constantec/Aplicacion_Constantec/constantec-web-app/src/pages/encuesta-satisfaccion/useGetEncuestaEstatus.tsx","statementMap":{"0":{"start":{"line":4,"column":37},"end":{"line":16,"column":null}},"1":{"start":{"line":5,"column":2},"end":{"line":15,"column":null}},"2":{"start":{"line":8,"column":23},"end":{"line":10,"column":null}},"3":{"start":{"line":11,"column":6},"end":{"line":11,"column":null}}},"fnMap":{"0":{"name":"(anonymous_0)","decl":{"start":{"line":4,"column":37},"end":{"line":4,"column":38}},"loc":{"start":{"line":4,"column":64},"end":{"line":16,"column":null}},"line":4},"1":{"name":"(anonymous_1)","decl":{"start":{"line":7,"column":13},"end":{"line":7,"column":25}},"loc":{"start":{"line":7,"column":25},"end":{"line":12,"column":null}},"line":7}},"branchMap":{},"s":{"0":0,"1":0,"2":0,"3":0},"f":{"0":0,"1":0},"b":{},"meta":{"lastBranch":0,"lastFunction":2,"lastStatement":4,"seen":{"s:4:37:16:Infinity":0,"f:4:37:4:38":0,"s:5:2:15:Infinity":1,"f:7:13:7:25":1,"s:8:23:10:Infinity":2,"s:11:6:11:Infinity":3}}}
,"/Users/jeroch/GitHub/Constantec/Aplicacion_Constantec/constantec-web-app/src/pages/login/Login.tsx": {"path":"/Users/jeroch/GitHub/Constantec/Aplicacion_Constantec/constantec-web-app/src/pages/login/Login.tsx","statementMap":{"0":{"start":{"line":16,"column":21},"end":{"line":134,"column":null}},"1":{"start":{"line":17,"column":28},"end":{"line":17,"column":null}},"2":{"start":{"line":18,"column":30},"end":{"line":18,"column":null}},"3":{"start":{"line":19,"column":28},"end":{"line":19,"column":null}},"4":{"start":{"line":21,"column":40},"end":{"line":21,"column":null}},"5":{"start":{"line":23,"column":2},"end":{"line":27,"column":null}},"6":{"start":{"line":24,"column":4},"end":{"line":26,"column":null}},"7":{"start":{"line":25,"column":6},"end":{"line":25,"column":null}},"8":{"start":{"line":29,"column":2},"end":{"line":44,"column":null}},"9":{"start":{"line":30,"column":4},"end":{"line":43,"column":null}},"10":{"start":{"line":31,"column":20},"end":{"line":31,"column":null}},"11":{"start":{"line":33,"column":6},"end":{"line":42,"column":null}},"12":{"start":{"line":34,"column":24},"end":{"line":36,"column":null}},"13":{"start":{"line":37,"column":8},"end":{"line":41,"column":null}},"14":{"start":{"line":38,"column":10},"end":{"line":38,"column":null}},"15":{"start":{"line":40,"column":10},"end":{"line":40,"column":null}},"16":{"start":{"line":46,"column":23},"end":{"line":66,"column":null}},"17":{"start":{"line":47,"column":4},"end":{"line":47,"column":null}},"18":{"start":{"line":49,"column":4},"end":{"line":52,"column":null}},"19":{"start":{"line":50,"column":6},"end":{"line":50,"column":null}},"20":{"start":{"line":51,"column":6},"end":{"line":51,"column":null}},"21":{"start":{"line":54,"column":4},"end":{"line":57,"column":null}},"22":{"start":{"line":55,"column":6},"end":{"line":55,"column":null}},"23":{"start":{"line":56,"column":6},"end":{"line":56,"column":null}},"24":{"start":{"line":59,"column":40},"end":{"line":62,"column":null}},"25":{"start":{"line":64,"column":4},"end":{"line":64,"column":null}},"26":{"start":{"line":65,"column":4},"end":{"line":65,"column":null}},"27":{"start":{"line":68,"column":2},"end":{"line":132,"column":null}},"28":{"start":{"line":94,"column":16},"end":{"line":94,"column":null}},"29":{"start":{"line":95,"column":16},"end":{"line":95,"column":null}},"30":{"start":{"line":106,"column":16},"end":{"line":106,"column":null}},"31":{"start":{"line":107,"column":16},"end":{"line":107,"column":null}}},"fnMap":{"0":{"name":"(anonymous_0)","decl":{"start":{"line":16,"column":21},"end":{"line":16,"column":27}},"loc":{"start":{"line":16,"column":27},"end":{"line":134,"column":null}},"line":16},"1":{"name":"(anonymous_1)","decl":{"start":{"line":23,"column":12},"end":{"line":23,"column":18}},"loc":{"start":{"line":23,"column":18},"end":{"line":27,"column":5}},"line":23},"2":{"name":"(anonymous_2)","decl":{"start":{"line":29,"column":12},"end":{"line":29,"column":18}},"loc":{"start":{"line":29,"column":18},"end":{"line":44,"column":5}},"line":29},"3":{"name":"(anonymous_3)","decl":{"start":{"line":46,"column":23},"end":{"line":46,"column":24}},"loc":{"start":{"line":46,"column":47},"end":{"line":66,"column":null}},"line":46},"4":{"name":"(anonymous_4)","decl":{"start":{"line":93,"column":24},"end":{"line":93,"column":25}},"loc":{"start":{"line":93,"column":68},"end":{"line":96,"column":null}},"line":93},"5":{"name":"(anonymous_5)","decl":{"start":{"line":105,"column":24},"end":{"line":105,"column":25}},"loc":{"start":{"line":105,"column":68},"end":{"line":108,"column":null}},"line":105}},"branchMap":{"0":{"loc":{"start":{"line":24,"column":4},"end":{"line":26,"column":null}},"type":"if","locations":[{"start":{"line":24,"column":4},"end":{"line":26,"column":null}},{"start":{},"end":{}}],"line":24},"1":{"loc":{"start":{"line":24,"column":8},"end":{"line":24,"column":49}},"type":"binary-expr","locations":[{"start":{"line":24,"column":8},"end":{"line":24,"column":19}},{"start":{"line":24,"column":19},"end":{"line":24,"column":49}}],"line":24},"2":{"loc":{"start":{"line":30,"column":4},"end":{"line":43,"column":null}},"type":"if","locations":[{"start":{"line":30,"column":4},"end":{"line":43,"column":null}},{"start":{},"end":{}}],"line":30},"3":{"loc":{"start":{"line":33,"column":6},"end":{"line":42,"column":null}},"type":"if","locations":[{"start":{"line":33,"column":6},"end":{"line":42,"column":null}},{"start":{},"end":{}}],"line":33},"4":{"loc":{"start":{"line":37,"column":8},"end":{"line":41,"column":null}},"type":"if","locations":[{"start":{"line":37,"column":8},"end":{"line":41,"column":null}},{"start":{"line":39,"column":15},"end":{"line":41,"column":null}}],"line":37},"5":{"loc":{"start":{"line":49,"column":4},"end":{"line":52,"column":null}},"type":"if","locations":[{"start":{"line":49,"column":4},"end":{"line":52,"column":null}},{"start":{},"end":{}}],"line":49},"6":{"loc":{"start":{"line":54,"column":4},"end":{"line":57,"column":null}},"type":"if","locations":[{"start":{"line":54,"column":4},"end":{"line":57,"column":null}},{"start":{},"end":{}}],"line":54},"7":{"loc":{"start":{"line":117,"column":17},"end":{"line":117,"column":null}},"type":"binary-expr","locations":[{"start":{"line":117,"column":17},"end":{"line":117,"column":28}},{"start":{"line":117,"column":28},"end":{"line":117,"column":null}}],"line":117},"8":{"loc":{"start":{"line":118,"column":17},"end":{"line":118,"column":null}},"type":"binary-expr","locations":[{"start":{"line":118,"column":17},"end":{"line":118,"column":29}},{"start":{"line":118,"column":29},"end":{"line":118,"column":null}}],"line":118},"9":{"loc":{"start":{"line":121,"column":13},"end":{"line":127,"column":null}},"type":"binary-expr","locations":[{"start":{"line":121,"column":13},"end":{"line":121,"column":null}},{"start":{"line":122,"column":14},"end":{"line":127,"column":null}}],"line":121}},"s":{"0":0,"1":0,"2":0,"3":0,"4":0,"5":0,"6":0,"7":0,"8":0,"9":0,"10":0,"11":0,"12":0,"13":0,"14":0,"15":0,"16":0,"17":0,"18":0,"19":0,"20":0,"21":0,"22":0,"23":0,"24":0,"25":0,"26":0,"27":0,"28":0,"29":0,"30":0,"31":0},"f":{"0":0,"1":0,"2":0,"3":0,"4":0,"5":0},"b":{"0":[0,0],"1":[0,0],"2":[0,0],"3":[0,0],"4":[0,0],"5":[0,0],"6":[0,0],"7":[0,0],"8":[0,0],"9":[0,0]},"meta":{"lastBranch":10,"lastFunction":6,"lastStatement":32,"seen":{"s:16:21:134:Infinity":0,"f:16:21:16:27":0,"s:17:28:17:Infinity":1,"s:18:30:18:Infinity":2,"s:19:28:19:Infinity":3,"s:21:40:21:Infinity":4,"s:23:2:27:Infinity":5,"f:23:12:23:18":1,"b:24:4:26:Infinity:undefined:undefined:undefined:undefined":0,"s:24:4:26:Infinity":6,"b:24:8:24:19:24:19:24:49":1,"s:25:6:25:Infinity":7,"s:29:2:44:Infinity":8,"f:29:12:29:18":2,"b:30:4:43:Infinity:undefined:undefined:undefined:undefined":2,"s:30:4:43:Infinity":9,"s:31:20:31:Infinity":10,"b:33:6:42:Infinity:undefined:undefined:undefined:undefined":3,"s:33:6:42:Infinity":11,"s:34:24:36:Infinity":12,"b:37:8:41:Infinity:39:15:41:Infinity":4,"s:37:8:41:Infinity":13,"s:38:10:38:Infinity":14,"s:40:10:40:Infinity":15,"s:46:23:66:Infinity":16,"f:46:23:46:24":3,"s:47:4:47:Infinity":17,"b:49:4:52:Infinity:undefined:undefined:undefined:undefined":5,"s:49:4:52:Infinity":18,"s:50:6:50:Infinity":19,"s:51:6:51:Infinity":20,"b:54:4:57:Infinity:undefined:undefined:undefined:undefined":6,"s:54:4:57:Infinity":21,"s:55:6:55:Infinity":22,"s:56:6:56:Infinity":23,"s:59:40:62:Infinity":24,"s:64:4:64:Infinity":25,"s:65:4:65:Infinity":26,"s:68:2:132:Infinity":27,"f:93:24:93:25":4,"s:94:16:94:Infinity":28,"s:95:16:95:Infinity":29,"f:105:24:105:25":5,"s:106:16:106:Infinity":30,"s:107:16:107:Infinity":31,"b:117:17:117:28:117:28:117:Infinity":7,"b:118:17:118:29:118:29:118:Infinity":8,"b:121:13:121:Infinity:122:14:127:Infinity":9}}}
,"/Users/jeroch/GitHub/Constantec/Aplicacion_Constantec/constantec-web-app/src/pages/login/index.tsx": {"path":"/Users/jeroch/GitHub/Constantec/Aplicacion_Constantec/constantec-web-app/src/pages/login/index.tsx","statementMap":{"0":{"start":{"line":1,"column":0},"end":{"line":1,"column":null}}},"fnMap":{},"branchMap":{},"s":{"0":0},"f":{},"b":{},"meta":{"lastBranch":0,"lastFunction":0,"lastStatement":1,"seen":{"s:1:0:1:Infinity":0}}}
,"/Users/jeroch/GitHub/Constantec/Aplicacion_Constantec/constantec-web-app/src/pages/login/useAutenticarUsuario.tsx": {"path":"/Users/jeroch/GitHub/Constantec/Aplicacion_Constantec/constantec-web-app/src/pages/login/useAutenticarUsuario.tsx","statementMap":{"0":{"start":{"line":25,"column":26},"end":{"line":37,"column":null}},"1":{"start":{"line":26,"column":19},"end":{"line":30,"column":null}},"2":{"start":{"line":31,"column":2},"end":{"line":31,"column":null}},"3":{"start":{"line":32,"column":2},"end":{"line":35,"column":null}},"4":{"start":{"line":33,"column":4},"end":{"line":33,"column":null}},"5":{"start":{"line":34,"column":4},"end":{"line":34,"column":null}},"6":{"start":{"line":36,"column":2},"end":{"line":36,"column":null}},"7":{"start":{"line":39,"column":36},"end":{"line":59,"column":null}},"8":{"start":{"line":46,"column":2},"end":{"line":52,"column":null}},"9":{"start":{"line":51,"column":45},"end":{"line":51,"column":null}},"10":{"start":{"line":54,"column":16},"end":{"line":56,"column":null}},"11":{"start":{"line":55,"column":4},"end":{"line":55,"column":null}},"12":{"start":{"line":58,"column":2},"end":{"line":58,"column":null}}},"fnMap":{"0":{"name":"(anonymous_0)","decl":{"start":{"line":25,"column":26},"end":{"line":25,"column":33}},"loc":{"start":{"line":25,"column":61},"end":{"line":37,"column":null}},"line":25},"1":{"name":"(anonymous_1)","decl":{"start":{"line":39,"column":36},"end":{"line":39,"column":42}},"loc":{"start":{"line":39,"column":42},"end":{"line":59,"column":null}},"line":39},"2":{"name":"(anonymous_2)","decl":{"start":{"line":51,"column":16},"end":{"line":51,"column":17}},"loc":{"start":{"line":51,"column":45},"end":{"line":51,"column":null}},"line":51},"3":{"name":"(anonymous_3)","decl":{"start":{"line":54,"column":16},"end":{"line":54,"column":17}},"loc":{"start":{"line":54,"column":48},"end":{"line":56,"column":null}},"line":54}},"branchMap":{"0":{"loc":{"start":{"line":32,"column":2},"end":{"line":35,"column":null}},"type":"if","locations":[{"start":{"line":32,"column":2},"end":{"line":35,"column":null}},{"start":{},"end":{}}],"line":32}},"s":{"0":0,"1":0,"2":0,"3":0,"4":0,"5":0,"6":0,"7":0,"8":0,"9":0,"10":0,"11":0,"12":0},"f":{"0":0,"1":0,"2":0,"3":0},"b":{"0":[0,0]},"meta":{"lastBranch":1,"lastFunction":4,"lastStatement":13,"seen":{"s:25:26:37:Infinity":0,"f:25:26:25:33":0,"s:26:19:30:Infinity":1,"s:31:2:31:Infinity":2,"b:32:2:35:Infinity:undefined:undefined:undefined:undefined":0,"s:32:2:35:Infinity":3,"s:33:4:33:Infinity":4,"s:34:4:34:Infinity":5,"s:36:2:36:Infinity":6,"s:39:36:59:Infinity":7,"f:39:36:39:42":1,"s:46:2:52:Infinity":8,"f:51:16:51:17":2,"s:51:45:51:Infinity":9,"s:54:16:56:Infinity":10,"f:54:16:54:17":3,"s:55:4:55:Infinity":11,"s:58:2:58:Infinity":12}}}
,"/Users/jeroch/GitHub/Constantec/Aplicacion_Constantec/constantec-web-app/src/pages/obtener-usuario/Usuario.tsx": {"path":"/Users/jeroch/GitHub/Constantec/Aplicacion_Constantec/constantec-web-app/src/pages/obtener-usuario/Usuario.tsx","statementMap":{"0":{"start":{"line":14,"column":29},"end":{"line":137,"column":null}},"1":{"start":{"line":15,"column":47},"end":{"line":15,"column":null}},"2":{"start":{"line":17,"column":2},"end":{"line":23,"column":null}},"3":{"start":{"line":18,"column":4},"end":{"line":21,"column":null}},"4":{"start":{"line":25,"column":2},"end":{"line":31,"column":null}},"5":{"start":{"line":26,"column":4},"end":{"line":29,"column":null}},"6":{"start":{"line":33,"column":2},"end":{"line":135,"column":null}}},"fnMap":{"0":{"name":"(anonymous_0)","decl":{"start":{"line":14,"column":29},"end":{"line":14,"column":35}},"loc":{"start":{"line":14,"column":35},"end":{"line":137,"column":null}},"line":14}},"branchMap":{"0":{"loc":{"start":{"line":17,"column":2},"end":{"line":23,"column":null}},"type":"if","locations":[{"start":{"line":17,"column":2},"end":{"line":23,"column":null}},{"start":{},"end":{}}],"line":17},"1":{"loc":{"start":{"line":25,"column":2},"end":{"line":31,"column":null}},"type":"if","locations":[{"start":{"line":25,"column":2},"end":{"line":31,"column":null}},{"start":{},"end":{}}],"line":25},"2":{"loc":{"start":{"line":39,"column":22},"end":{"line":39,"column":null}},"type":"binary-expr","locations":[{"start":{"line":39,"column":22},"end":{"line":39,"column":49}},{"start":{"line":39,"column":49},"end":{"line":39,"column":null}}],"line":39},"3":{"loc":{"start":{"line":61,"column":15},"end":{"line":61,"column":null}},"type":"binary-expr","locations":[{"start":{"line":61,"column":15},"end":{"line":61,"column":38}},{"start":{"line":61,"column":38},"end":{"line":61,"column":null}}],"line":61},"4":{"loc":{"start":{"line":89,"column":23},"end":{"line":89,"column":null}},"type":"cond-expr","locations":[{"start":{"line":89,"column":47},"end":{"line":89,"column":57}},{"start":{"line":89,"column":57},"end":{"line":89,"column":null}}],"line":89},"5":{"loc":{"start":{"line":93,"column":17},"end":{"line":93,"column":null}},"type":"cond-expr","locations":[{"start":{"line":93,"column":41},"end":{"line":93,"column":52}},{"start":{"line":93,"column":52},"end":{"line":93,"column":null}}],"line":93}},"s":{"0":0,"1":0,"2":0,"3":0,"4":0,"5":0,"6":0},"f":{"0":0},"b":{"0":[0,0],"1":[0,0],"2":[0,0],"3":[0,0],"4":[0,0],"5":[0,0]},"meta":{"lastBranch":6,"lastFunction":1,"lastStatement":7,"seen":{"s:14:29:137:Infinity":0,"f:14:29:14:35":0,"s:15:47:15:Infinity":1,"b:17:2:23:Infinity:undefined:undefined:undefined:undefined":0,"s:17:2:23:Infinity":2,"s:18:4:21:Infinity":3,"b:25:2:31:Infinity:undefined:undefined:undefined:undefined":1,"s:25:2:31:Infinity":4,"s:26:4:29:Infinity":5,"s:33:2:135:Infinity":6,"b:39:22:39:49:39:49:39:Infinity":2,"b:61:15:61:38:61:38:61:Infinity":3,"b:89:47:89:57:89:57:89:Infinity":4,"b:93:41:93:52:93:52:93:Infinity":5}}}
,"/Users/jeroch/GitHub/Constantec/Aplicacion_Constantec/constantec-web-app/src/pages/obtener-usuario/index.tsx": {"path":"/Users/jeroch/GitHub/Constantec/Aplicacion_Constantec/constantec-web-app/src/pages/obtener-usuario/index.tsx","statementMap":{"0":{"start":{"line":1,"column":0},"end":{"line":1,"column":null}}},"fnMap":{},"branchMap":{},"s":{"0":0},"f":{},"b":{},"meta":{"lastBranch":0,"lastFunction":0,"lastStatement":1,"seen":{"s:1:0:1:Infinity":0}}}
,"/Users/jeroch/GitHub/Constantec/Aplicacion_Constantec/constantec-web-app/src/pages/obtener-usuario/useGetUsuario.tsx": {"path":"/Users/jeroch/GitHub/Constantec/Aplicacion_Constantec/constantec-web-app/src/pages/obtener-usuario/useGetUsuario.tsx","statementMap":{"0":{"start":{"line":5,"column":16},"end":{"line":5,"column":null}},"1":{"start":{"line":6,"column":2},"end":{"line":6,"column":null}},"2":{"start":{"line":6,"column":14},"end":{"line":6,"column":null}},"3":{"start":{"line":7,"column":2},"end":{"line":12,"column":null}},"4":{"start":{"line":8,"column":20},"end":{"line":8,"column":null}},"5":{"start":{"line":9,"column":4},"end":{"line":9,"column":null}},"6":{"start":{"line":11,"column":4},"end":{"line":11,"column":null}},"7":{"start":{"line":16,"column":20},"end":{"line":16,"column":null}},"8":{"start":{"line":18,"column":2},"end":{"line":25,"column":null}},"9":{"start":{"line":21,"column":23},"end":{"line":21,"column":null}},"10":{"start":{"line":22,"column":6},"end":{"line":22,"column":null}}},"fnMap":{"0":{"name":"getNoControlDeToken","decl":{"start":{"line":4,"column":16},"end":{"line":4,"column":38}},"loc":{"start":{"line":4,"column":38},"end":{"line":13,"column":null}},"line":4},"1":{"name":"useGetUsuario","decl":{"start":{"line":15,"column":16},"end":{"line":15,"column":32}},"loc":{"start":{"line":15,"column":32},"end":{"line":26,"column":null}},"line":15},"2":{"name":"(anonymous_2)","decl":{"start":{"line":20,"column":13},"end":{"line":20,"column":25}},"loc":{"start":{"line":20,"column":25},"end":{"line":23,"column":null}},"line":20}},"branchMap":{"0":{"loc":{"start":{"line":6,"column":2},"end":{"line":6,"column":null}},"type":"if","locations":[{"start":{"line":6,"column":2},"end":{"line":6,"column":null}},{"start":{},"end":{}}],"line":6}},"s":{"0":0,"1":0,"2":0,"3":0,"4":0,"5":0,"6":0,"7":0,"8":0,"9":0,"10":0},"f":{"0":0,"1":0,"2":0},"b":{"0":[0,0]},"meta":{"lastBranch":1,"lastFunction":3,"lastStatement":11,"seen":{"f:4:16:4:38":0,"s:5:16:5:Infinity":0,"b:6:2:6:Infinity:undefined:undefined:undefined:undefined":0,"s:6:2:6:Infinity":1,"s:6:14:6:Infinity":2,"s:7:2:12:Infinity":3,"s:8:20:8:Infinity":4,"s:9:4:9:Infinity":5,"s:11:4:11:Infinity":6,"f:15:16:15:32":1,"s:16:20:16:Infinity":7,"s:18:2:25:Infinity":8,"f:20:13:20:25":2,"s:21:23:21:Infinity":9,"s:22:6:22:Infinity":10}}}
,"/Users/jeroch/GitHub/Constantec/Aplicacion_Constantec/constantec-web-app/src/pages/solicitud-formulario/SolicitudFormulario.tsx": {"path":"/Users/jeroch/GitHub/Constantec/Aplicacion_Constantec/constantec-web-app/src/pages/solicitud-formulario/SolicitudFormulario.tsx","statementMap":{"0":{"start":{"line":20,"column":31},"end":{"line":23,"column":null}},"1":{"start":{"line":21,"column":14},"end":{"line":21,"column":null}},"2":{"start":{"line":22,"column":2},"end":{"line":22,"column":null}},"3":{"start":{"line":25,"column":35},"end":{"line":291,"column":null}},"4":{"start":{"line":26,"column":30},"end":{"line":26,"column":null}},"5":{"start":{"line":27,"column":36},"end":{"line":27,"column":null}},"6":{"start":{"line":28,"column":24},"end":{"line":28,"column":null}},"7":{"start":{"line":29,"column":32},"end":{"line":29,"column":null}},"8":{"start":{"line":30,"column":24},"end":{"line":30,"column":null}},"9":{"start":{"line":32,"column":49},"end":{"line":32,"column":null}},"10":{"start":{"line":34,"column":2},"end":{"line":38,"column":null}},"11":{"start":{"line":35,"column":4},"end":{"line":37,"column":null}},"12":{"start":{"line":36,"column":6},"end":{"line":36,"column":null}},"13":{"start":{"line":40,"column":2},"end":{"line":47,"column":null}},"14":{"start":{"line":41,"column":4},"end":{"line":46,"column":null}},"15":{"start":{"line":42,"column":6},"end":{"line":42,"column":null}},"16":{"start":{"line":43,"column":6},"end":{"line":43,"column":null}},"17":{"start":{"line":44,"column":6},"end":{"line":44,"column":null}},"18":{"start":{"line":45,"column":6},"end":{"line":45,"column":null}},"19":{"start":{"line":49,"column":23},"end":{"line":82,"column":null}},"20":{"start":{"line":50,"column":4},"end":{"line":50,"column":null}},"21":{"start":{"line":52,"column":4},"end":{"line":55,"column":null}},"22":{"start":{"line":53,"column":6},"end":{"line":53,"column":null}},"23":{"start":{"line":54,"column":6},"end":{"line":54,"column":null}},"24":{"start":{"line":57,"column":4},"end":{"line":60,"column":null}},"25":{"start":{"line":58,"column":6},"end":{"line":58,"column":null}},"26":{"start":{"line":59,"column":6},"end":{"line":59,"column":null}},"27":{"start":{"line":62,"column":4},"end":{"line":65,"column":null}},"28":{"start":{"line":63,"column":6},"end":{"line":63,"column":null}},"29":{"start":{"line":64,"column":6},"end":{"line":64,"column":null}},"30":{"start":{"line":67,"column":4},"end":{"line":69,"column":null}},"31":{"start":{"line":68,"column":6},"end":{"line":68,"column":null}},"32":{"start":{"line":71,"column":26},"end":{"line":71,"column":null}},"33":{"start":{"line":73,"column":39},"end":{"line":79,"column":null}},"34":{"start":{"line":81,"column":4},"end":{"line":81,"column":null}},"35":{"start":{"line":84,"column":28},"end":{"line":89,"column":null}},"36":{"start":{"line":85,"column":27},"end":{"line":87,"column":null}},"37":{"start":{"line":86,"column":34},"end":{"line":86,"column":48}},"38":{"start":{"line":88,"column":4},"end":{"line":88,"column":null}},"39":{"start":{"line":91,"column":2},"end":{"line":91,"column":null}},"40":{"start":{"line":93,"column":2},"end":{"line":289,"column":null}},"41":{"start":{"line":112,"column":34},"end":{"line":112,"column":null}},"42":{"start":{"line":113,"column":14},"end":{"line":113,"column":null}},"43":{"start":{"line":129,"column":14},"end":{"line":129,"column":null}},"44":{"start":{"line":130,"column":14},"end":{"line":130,"column":null}},"45":{"start":{"line":145,"column":43},"end":{"line":145,"column":null}},"46":{"start":{"line":146,"column":16},"end":{"line":146,"column":null}},"47":{"start":{"line":153,"column":18},"end":{"line":153,"column":null}},"48":{"start":{"line":162,"column":18},"end":{"line":162,"column":null}},"49":{"start":{"line":171,"column":18},"end":{"line":171,"column":null}},"50":{"start":{"line":180,"column":18},"end":{"line":180,"column":null}},"51":{"start":{"line":189,"column":18},"end":{"line":189,"column":null}},"52":{"start":{"line":198,"column":18},"end":{"line":198,"column":null}},"53":{"start":{"line":207,"column":18},"end":{"line":207,"column":null}},"54":{"start":{"line":216,"column":18},"end":{"line":216,"column":null}},"55":{"start":{"line":225,"column":18},"end":{"line":225,"column":null}},"56":{"start":{"line":244,"column":14},"end":{"line":244,"column":null}},"57":{"start":{"line":245,"column":14},"end":{"line":245,"column":null}}},"fnMap":{"0":{"name":"(anonymous_0)","decl":{"start":{"line":20,"column":31},"end":{"line":20,"column":38}},"loc":{"start":{"line":20,"column":47},"end":{"line":23,"column":null}},"line":20},"1":{"name":"(anonymous_1)","decl":{"start":{"line":25,"column":35},"end":{"line":25,"column":41}},"loc":{"start":{"line":25,"column":41},"end":{"line":291,"column":null}},"line":25},"2":{"name":"(anonymous_2)","decl":{"start":{"line":34,"column":12},"end":{"line":34,"column":18}},"loc":{"start":{"line":34,"column":18},"end":{"line":38,"column":5}},"line":34},"3":{"name":"(anonymous_3)","decl":{"start":{"line":40,"column":12},"end":{"line":40,"column":18}},"loc":{"start":{"line":40,"column":18},"end":{"line":47,"column":5}},"line":40},"4":{"name":"(anonymous_4)","decl":{"start":{"line":49,"column":23},"end":{"line":49,"column":24}},"loc":{"start":{"line":49,"column":47},"end":{"line":82,"column":null}},"line":49},"5":{"name":"(anonymous_5)","decl":{"start":{"line":84,"column":28},"end":{"line":84,"column":29}},"loc":{"start":{"line":84,"column":47},"end":{"line":89,"column":null}},"line":84},"6":{"name":"(anonymous_6)","decl":{"start":{"line":86,"column":24},"end":{"line":86,"column":25}},"loc":{"start":{"line":86,"column":34},"end":{"line":86,"column":48}},"line":86},"7":{"name":"(anonymous_7)","decl":{"start":{"line":111,"column":22},"end":{"line":111,"column":23}},"loc":{"start":{"line":111,"column":69},"end":{"line":114,"column":null}},"line":111},"8":{"name":"(anonymous_8)","decl":{"start":{"line":128,"column":22},"end":{"line":128,"column":23}},"loc":{"start":{"line":128,"column":29},"end":{"line":131,"column":null}},"line":128},"9":{"name":"(anonymous_9)","decl":{"start":{"line":144,"column":29},"end":{"line":144,"column":30}},"loc":{"start":{"line":144,"column":42},"end":{"line":147,"column":null}},"line":144},"10":{"name":"(anonymous_10)","decl":{"start":{"line":152,"column":25},"end":{"line":152,"column":31}},"loc":{"start":{"line":152,"column":31},"end":{"line":154,"column":null}},"line":152},"11":{"name":"(anonymous_11)","decl":{"start":{"line":161,"column":25},"end":{"line":161,"column":31}},"loc":{"start":{"line":161,"column":31},"end":{"line":163,"column":null}},"line":161},"12":{"name":"(anonymous_12)","decl":{"start":{"line":170,"column":25},"end":{"line":170,"column":31}},"loc":{"start":{"line":170,"column":31},"end":{"line":172,"column":null}},"line":170},"13":{"name":"(anonymous_13)","decl":{"start":{"line":179,"column":25},"end":{"line":179,"column":31}},"loc":{"start":{"line":179,"column":31},"end":{"line":181,"column":null}},"line":179},"14":{"name":"(anonymous_14)","decl":{"start":{"line":188,"column":25},"end":{"line":188,"column":31}},"loc":{"start":{"line":188,"column":31},"end":{"line":190,"column":null}},"line":188},"15":{"name":"(anonymous_15)","decl":{"start":{"line":197,"column":25},"end":{"line":197,"column":31}},"loc":{"start":{"line":197,"column":31},"end":{"line":199,"column":null}},"line":197},"16":{"name":"(anonymous_16)","decl":{"start":{"line":206,"column":25},"end":{"line":206,"column":31}},"loc":{"start":{"line":206,"column":31},"end":{"line":208,"column":null}},"line":206},"17":{"name":"(anonymous_17)","decl":{"start":{"line":215,"column":25},"end":{"line":215,"column":31}},"loc":{"start":{"line":215,"column":31},"end":{"line":217,"column":null}},"line":215},"18":{"name":"(anonymous_18)","decl":{"start":{"line":224,"column":25},"end":{"line":224,"column":31}},"loc":{"start":{"line":224,"column":31},"end":{"line":226,"column":null}},"line":224},"19":{"name":"(anonymous_19)","decl":{"start":{"line":243,"column":22},"end":{"line":243,"column":23}},"loc":{"start":{"line":243,"column":29},"end":{"line":246,"column":null}},"line":243}},"branchMap":{"0":{"loc":{"start":{"line":35,"column":4},"end":{"line":37,"column":null}},"type":"if","locations":[{"start":{"line":35,"column":4},"end":{"line":37,"column":null}},{"start":{},"end":{}}],"line":35},"1":{"loc":{"start":{"line":35,"column":8},"end":{"line":35,"column":49}},"type":"binary-expr","locations":[{"start":{"line":35,"column":8},"end":{"line":35,"column":19}},{"start":{"line":35,"column":19},"end":{"line":35,"column":49}}],"line":35},"2":{"loc":{"start":{"line":41,"column":4},"end":{"line":46,"column":null}},"type":"if","locations":[{"start":{"line":41,"column":4},"end":{"line":46,"column":null}},{"start":{},"end":{}}],"line":41},"3":{"loc":{"start":{"line":52,"column":4},"end":{"line":55,"column":null}},"type":"if","locations":[{"start":{"line":52,"column":4},"end":{"line":55,"column":null}},{"start":{},"end":{}}],"line":52},"4":{"loc":{"start":{"line":57,"column":4},"end":{"line":60,"column":null}},"type":"if","locations":[{"start":{"line":57,"column":4},"end":{"line":60,"column":null}},{"start":{},"end":{}}],"line":57},"5":{"loc":{"start":{"line":62,"column":4},"end":{"line":65,"column":null}},"type":"if","locations":[{"start":{"line":62,"column":4},"end":{"line":65,"column":null}},{"start":{},"end":{}}],"line":62},"6":{"loc":{"start":{"line":67,"column":4},"end":{"line":69,"column":null}},"type":"if","locations":[{"start":{"line":67,"column":4},"end":{"line":69,"column":null}},{"start":{},"end":{}}],"line":67},"7":{"loc":{"start":{"line":71,"column":26},"end":{"line":71,"column":null}},"type":"binary-expr","locations":[{"start":{"line":71,"column":26},"end":{"line":71,"column":67}},{"start":{"line":71,"column":67},"end":{"line":71,"column":null}}],"line":71},"8":{"loc":{"start":{"line":85,"column":27},"end":{"line":87,"column":null}},"type":"cond-expr","locations":[{"start":{"line":86,"column":8},"end":{"line":86,"column":null}},{"start":{"line":87,"column":8},"end":{"line":87,"column":null}}],"line":85},"9":{"loc":{"start":{"line":143,"column":21},"end":{"line":143,"column":null}},"type":"binary-expr","locations":[{"start":{"line":143,"column":21},"end":{"line":143,"column":33}},{"start":{"line":143,"column":33},"end":{"line":143,"column":null}}],"line":143},"10":{"loc":{"start":{"line":251,"column":11},"end":{"line":262,"column":null}},"type":"binary-expr","locations":[{"start":{"line":251,"column":11},"end":{"line":251,"column":null}},{"start":{"line":252,"column":12},"end":{"line":262,"column":null}}],"line":251},"11":{"loc":{"start":{"line":264,"column":11},"end":{"line":275,"column":null}},"type":"binary-expr","locations":[{"start":{"line":264,"column":11},"end":{"line":264,"column":35}},{"start":{"line":264,"column":35},"end":{"line":264,"column":null}},{"start":{"line":265,"column":12},"end":{"line":275,"column":null}}],"line":264},"12":{"loc":{"start":{"line":284,"column":13},"end":{"line":284,"column":null}},"type":"binary-expr","locations":[{"start":{"line":284,"column":13},"end":{"line":284,"column":24}},{"start":{"line":284,"column":24},"end":{"line":284,"column":null}}],"line":284},"13":{"loc":{"start":{"line":285,"column":13},"end":{"line":285,"column":null}},"type":"binary-expr","locations":[{"start":{"line":285,"column":13},"end":{"line":285,"column":25}},{"start":{"line":285,"column":25},"end":{"line":285,"column":null}}],"line":285}},"s":{"0":0,"1":0,"2":0,"3":0,"4":0,"5":0,"6":0,"7":0,"8":0,"9":0,"10":0,"11":0,"12":0,"13":0,"14":0,"15":0,"16":0,"17":0,"18":0,"19":0,"20":0,"21":0,"22":0,"23":0,"24":0,"25":0,"26":0,"27":0,"28":0,"29":0,"30":0,"31":0,"32":0,"33":0,"34":0,"35":0,"36":0,"37":0,"38":0,"39":0,"40":0,"41":0,"42":0,"43":0,"44":0,"45":0,"46":0,"47":0,"48":0,"49":0,"50":0,"51":0,"52":0,"53":0,"54":0,"55":0,"56":0,"57":0},"f":{"0":0,"1":0,"2":0,"3":0,"4":0,"5":0,"6":0,"7":0,"8":0,"9":0,"10":0,"11":0,"12":0,"13":0,"14":0,"15":0,"16":0,"17":0,"18":0,"19":0},"b":{"0":[0,0],"1":[0,0],"2":[0,0],"3":[0,0],"4":[0,0],"5":[0,0],"6":[0,0],"7":[0,0],"8":[0,0],"9":[0,0],"10":[0,0],"11":[0,0,0],"12":[0,0],"13":[0,0]},"meta":{"lastBranch":14,"lastFunction":20,"lastStatement":58,"seen":{"s:20:31:23:Infinity":0,"f:20:31:20:38":0,"s:21:14:21:Infinity":1,"s:22:2:22:Infinity":2,"s:25:35:291:Infinity":3,"f:25:35:25:41":1,"s:26:30:26:Infinity":4,"s:27:36:27:Infinity":5,"s:28:24:28:Infinity":6,"s:29:32:29:Infinity":7,"s:30:24:30:Infinity":8,"s:32:49:32:Infinity":9,"s:34:2:38:Infinity":10,"f:34:12:34:18":2,"b:35:4:37:Infinity:undefined:undefined:undefined:undefined":0,"s:35:4:37:Infinity":11,"b:35:8:35:19:35:19:35:49":1,"s:36:6:36:Infinity":12,"s:40:2:47:Infinity":13,"f:40:12:40:18":3,"b:41:4:46:Infinity:undefined:undefined:undefined:undefined":2,"s:41:4:46:Infinity":14,"s:42:6:42:Infinity":15,"s:43:6:43:Infinity":16,"s:44:6:44:Infinity":17,"s:45:6:45:Infinity":18,"s:49:23:82:Infinity":19,"f:49:23:49:24":4,"s:50:4:50:Infinity":20,"b:52:4:55:Infinity:undefined:undefined:undefined:undefined":3,"s:52:4:55:Infinity":21,"s:53:6:53:Infinity":22,"s:54:6:54:Infinity":23,"b:57:4:60:Infinity:undefined:undefined:undefined:undefined":4,"s:57:4:60:Infinity":24,"s:58:6:58:Infinity":25,"s:59:6:59:Infinity":26,"b:62:4:65:Infinity:undefined:undefined:undefined:undefined":5,"s:62:4:65:Infinity":27,"s:63:6:63:Infinity":28,"s:64:6:64:Infinity":29,"b:67:4:69:Infinity:undefined:undefined:undefined:undefined":6,"s:67:4:69:Infinity":30,"s:68:6:68:Infinity":31,"s:71:26:71:Infinity":32,"b:71:26:71:67:71:67:71:Infinity":7,"s:73:39:79:Infinity":33,"s:81:4:81:Infinity":34,"s:84:28:89:Infinity":35,"f:84:28:84:29":5,"s:85:27:87:Infinity":36,"b:86:8:86:Infinity:87:8:87:Infinity":8,"f:86:24:86:25":6,"s:86:34:86:48":37,"s:88:4:88:Infinity":38,"s:91:2:91:Infinity":39,"s:93:2:289:Infinity":40,"f:111:22:111:23":7,"s:112:34:112:Infinity":41,"s:113:14:113:Infinity":42,"f:128:22:128:23":8,"s:129:14:129:Infinity":43,"s:130:14:130:Infinity":44,"b:143:21:143:33:143:33:143:Infinity":9,"f:144:29:144:30":9,"s:145:43:145:Infinity":45,"s:146:16:146:Infinity":46,"f:152:25:152:31":10,"s:153:18:153:Infinity":47,"f:161:25:161:31":11,"s:162:18:162:Infinity":48,"f:170:25:170:31":12,"s:171:18:171:Infinity":49,"f:179:25:179:31":13,"s:180:18:180:Infinity":50,"f:188:25:188:31":14,"s:189:18:189:Infinity":51,"f:197:25:197:31":15,"s:198:18:198:Infinity":52,"f:206:25:206:31":16,"s:207:18:207:Infinity":53,"f:215:25:215:31":17,"s:216:18:216:Infinity":54,"f:224:25:224:31":18,"s:225:18:225:Infinity":55,"f:243:22:243:23":19,"s:244:14:244:Infinity":56,"s:245:14:245:Infinity":57,"b:251:11:251:Infinity:252:12:262:Infinity":10,"b:264:11:264:35:264:35:264:Infinity:265:12:275:Infinity":11,"b:284:13:284:24:284:24:284:Infinity":12,"b:285:13:285:25:285:25:285:Infinity":13}}}
,"/Users/jeroch/GitHub/Constantec/Aplicacion_Constantec/constantec-web-app/src/pages/solicitud-formulario/index.tsx": {"path":"/Users/jeroch/GitHub/Constantec/Aplicacion_Constantec/constantec-web-app/src/pages/solicitud-formulario/index.tsx","statementMap":{"0":{"start":{"line":1,"column":0},"end":{"line":1,"column":null}}},"fnMap":{},"branchMap":{},"s":{"0":0},"f":{},"b":{},"meta":{"lastBranch":0,"lastFunction":0,"lastStatement":1,"seen":{"s:1:0:1:Infinity":0}}}
,"/Users/jeroch/GitHub/Constantec/Aplicacion_Constantec/constantec-web-app/src/pages/solicitud-formulario/useCrearSolicitud.tsx": {"path":"/Users/jeroch/GitHub/Constantec/Aplicacion_Constantec/constantec-web-app/src/pages/solicitud-formulario/useCrearSolicitud.tsx","statementMap":{"0":{"start":{"line":13,"column":24},"end":{"line":21,"column":null}},"1":{"start":{"line":14,"column":19},"end":{"line":18,"column":null}},"2":{"start":{"line":20,"column":2},"end":{"line":20,"column":null}},"3":{"start":{"line":27,"column":33},"end":{"line":43,"column":null}},"4":{"start":{"line":34,"column":2},"end":{"line":36,"column":null}},"5":{"start":{"line":35,"column":44},"end":{"line":35,"column":null}},"6":{"start":{"line":38,"column":25},"end":{"line":40,"column":null}},"7":{"start":{"line":39,"column":4},"end":{"line":39,"column":null}},"8":{"start":{"line":42,"column":2},"end":{"line":42,"column":null}}},"fnMap":{"0":{"name":"(anonymous_0)","decl":{"start":{"line":13,"column":24},"end":{"line":13,"column":31}},"loc":{"start":{"line":13,"column":58},"end":{"line":21,"column":null}},"line":13},"1":{"name":"(anonymous_1)","decl":{"start":{"line":27,"column":33},"end":{"line":27,"column":39}},"loc":{"start":{"line":27,"column":39},"end":{"line":43,"column":null}},"line":27},"2":{"name":"(anonymous_2)","decl":{"start":{"line":35,"column":16},"end":{"line":35,"column":17}},"loc":{"start":{"line":35,"column":44},"end":{"line":35,"column":null}},"line":35},"3":{"name":"(anonymous_3)","decl":{"start":{"line":38,"column":25},"end":{"line":38,"column":26}},"loc":{"start":{"line":38,"column":56},"end":{"line":40,"column":null}},"line":38}},"branchMap":{},"s":{"0":0,"1":0,"2":0,"3":0,"4":0,"5":0,"6":0,"7":0,"8":0},"f":{"0":0,"1":0,"2":0,"3":0},"b":{},"meta":{"lastBranch":0,"lastFunction":4,"lastStatement":9,"seen":{"s:13:24:21:Infinity":0,"f:13:24:13:31":0,"s:14:19:18:Infinity":1,"s:20:2:20:Infinity":2,"s:27:33:43:Infinity":3,"f:27:33:27:39":1,"s:34:2:36:Infinity":4,"f:35:16:35:17":2,"s:35:44:35:Infinity":5,"s:38:25:40:Infinity":6,"f:38:25:38:26":3,"s:39:4:39:Infinity":7,"s:42:2:42:Infinity":8}}}
,"/Users/jeroch/GitHub/Constantec/Aplicacion_Constantec/constantec-web-app/src/pages/solicitudes/Solicitudes.tsx": {"path":"/Users/jeroch/GitHub/Constantec/Aplicacion_Constantec/constantec-web-app/src/pages/solicitudes/Solicitudes.tsx","statementMap":{"0":{"start":{"line":4,"column":36},"end":{"line":8,"column":null}},"1":{"start":{"line":10,"column":25},"end":{"line":23,"column":null}},"2":{"start":{"line":11,"column":32},"end":{"line":11,"column":null}},"3":{"start":{"line":13,"column":2},"end":{"line":22,"column":null}},"4":{"start":{"line":15,"column":6},"end":{"line":15,"column":null}},"5":{"start":{"line":17,"column":6},"end":{"line":17,"column":null}},"6":{"start":{"line":19,"column":6},"end":{"line":19,"column":null}},"7":{"start":{"line":21,"column":6},"end":{"line":21,"column":null}},"8":{"start":{"line":25,"column":27},"end":{"line":93,"column":null}},"9":{"start":{"line":26,"column":24},"end":{"line":26,"column":null}},"10":{"start":{"line":27,"column":15},"end":{"line":27,"column":null}},"11":{"start":{"line":29,"column":2},"end":{"line":91,"column":null}},"12":{"start":{"line":65,"column":14},"end":{"line":87,"column":null}}},"fnMap":{"0":{"name":"(anonymous_0)","decl":{"start":{"line":10,"column":25},"end":{"line":10,"column":26}},"loc":{"start":{"line":10,"column":36},"end":{"line":23,"column":null}},"line":10},"1":{"name":"(anonymous_1)","decl":{"start":{"line":25,"column":27},"end":{"line":25,"column":33}},"loc":{"start":{"line":25,"column":33},"end":{"line":93,"column":null}},"line":25},"2":{"name":"(anonymous_2)","decl":{"start":{"line":64,"column":21},"end":{"line":64,"column":22}},"loc":{"start":{"line":65,"column":14},"end":{"line":87,"column":null}},"line":65}},"branchMap":{"0":{"loc":{"start":{"line":13,"column":2},"end":{"line":22,"column":null}},"type":"switch","locations":[{"start":{"line":14,"column":4},"end":{"line":15,"column":null}},{"start":{"line":16,"column":4},"end":{"line":17,"column":null}},{"start":{"line":18,"column":4},"end":{"line":19,"column":null}},{"start":{"line":20,"column":4},"end":{"line":21,"column":null}}],"line":13},"1":{"loc":{"start":{"line":26,"column":24},"end":{"line":26,"column":null}},"type":"binary-expr","locations":[{"start":{"line":26,"column":24},"end":{"line":26,"column":65}},{"start":{"line":26,"column":65},"end":{"line":26,"column":null}}],"line":26},"2":{"loc":{"start":{"line":62,"column":11},"end":{"line":88,"column":null}},"type":"binary-expr","locations":[{"start":{"line":62,"column":11},"end":{"line":62,"column":null}},{"start":{"line":63,"column":12},"end":{"line":63,"column":null}},{"start":{"line":64,"column":12},"end":{"line":88,"column":null}}],"line":62},"3":{"loc":{"start":{"line":67,"column":19},"end":{"line":68,"column":null}},"type":"binary-expr","locations":[{"start":{"line":67,"column":19},"end":{"line":67,"column":null}},{"start":{"line":68,"column":20},"end":{"line":68,"column":null}}],"line":67},"4":{"loc":{"start":{"line":76,"column":19},"end":{"line":78,"column":null}},"type":"cond-expr","locations":[{"start":{"line":77,"column":22},"end":{"line":77,"column":null}},{"start":{"line":78,"column":22},"end":{"line":78,"column":null}}],"line":76}},"s":{"0":0,"1":0,"2":0,"3":0,"4":0,"5":0,"6":0,"7":0,"8":0,"9":0,"10":0,"11":0,"12":0},"f":{"0":0,"1":0,"2":0},"b":{"0":[0,0,0,0],"1":[0,0],"2":[0,0,0],"3":[0,0],"4":[0,0]},"meta":{"lastBranch":5,"lastFunction":3,"lastStatement":13,"seen":{"s:4:36:8:Infinity":0,"s:10:25:23:Infinity":1,"f:10:25:10:26":0,"s:11:32:11:Infinity":2,"b:14:4:15:Infinity:16:4:17:Infinity:18:4:19:Infinity:20:4:21:Infinity":0,"s:13:2:22:Infinity":3,"s:15:6:15:Infinity":4,"s:17:6:17:Infinity":5,"s:19:6:19:Infinity":6,"s:21:6:21:Infinity":7,"s:25:27:93:Infinity":8,"f:25:27:25:33":1,"s:26:24:26:Infinity":9,"b:26:24:26:65:26:65:26:Infinity":1,"s:27:15:27:Infinity":10,"s:29:2:91:Infinity":11,"b:62:11:62:Infinity:63:12:63:Infinity:64:12:88:Infinity":2,"f:64:21:64:22":2,"s:65:14:87:Infinity":12,"b:67:19:67:Infinity:68:20:68:Infinity":3,"b:77:22:77:Infinity:78:22:78:Infinity":4}}}
,"/Users/jeroch/GitHub/Constantec/Aplicacion_Constantec/constantec-web-app/src/pages/solicitudes/index.tsx": {"path":"/Users/jeroch/GitHub/Constantec/Aplicacion_Constantec/constantec-web-app/src/pages/solicitudes/index.tsx","statementMap":{"0":{"start":{"line":1,"column":0},"end":{"line":1,"column":null}},"1":{"start":{"line":2,"column":0},"end":{"line":2,"column":null}}},"fnMap":{},"branchMap":{},"s":{"0":0,"1":0},"f":{},"b":{},"meta":{"lastBranch":0,"lastFunction":0,"lastStatement":2,"seen":{"s:1:0:1:Infinity":0,"s:2:0:2:Infinity":1}}}
,"/Users/jeroch/GitHub/Constantec/Aplicacion_Constantec/constantec-web-app/src/pages/solicitudes/useGetSolicitudes.tsx": {"path":"/Users/jeroch/GitHub/Constantec/Aplicacion_Constantec/constantec-web-app/src/pages/solicitudes/useGetSolicitudes.tsx","statementMap":{"0":{"start":{"line":5,"column":2},"end":{"line":12,"column":null}},"1":{"start":{"line":8,"column":23},"end":{"line":8,"column":null}},"2":{"start":{"line":9,"column":6},"end":{"line":9,"column":null}}},"fnMap":{"0":{"name":"useGetSolicitudes","decl":{"start":{"line":4,"column":16},"end":{"line":4,"column":34}},"loc":{"start":{"line":4,"column":49},"end":{"line":13,"column":null}},"line":4},"1":{"name":"(anonymous_1)","decl":{"start":{"line":7,"column":13},"end":{"line":7,"column":25}},"loc":{"start":{"line":7,"column":25},"end":{"line":10,"column":null}},"line":7}},"branchMap":{},"s":{"0":0,"1":0,"2":0},"f":{"0":0,"1":0},"b":{},"meta":{"lastBranch":0,"lastFunction":2,"lastStatement":3,"seen":{"f:4:16:4:34":0,"s:5:2:12:Infinity":0,"f:7:13:7:25":1,"s:8:23:8:Infinity":1,"s:9:6:9:Infinity":2}}}
,"/Users/jeroch/GitHub/Constantec/Aplicacion_Constantec/constantec-web-app/src/pages/tutorial/Tutorial.tsx": {"path":"/Users/jeroch/GitHub/Constantec/Aplicacion_Constantec/constantec-web-app/src/pages/tutorial/Tutorial.tsx","statementMap":{"0":{"start":{"line":5,"column":24},"end":{"line":54,"column":null}},"1":{"start":{"line":6,"column":2},"end":{"line":52,"column":null}}},"fnMap":{"0":{"name":"(anonymous_0)","decl":{"start":{"line":5,"column":24},"end":{"line":5,"column":30}},"loc":{"start":{"line":5,"column":30},"end":{"line":54,"column":null}},"line":5}},"branchMap":{},"s":{"0":0,"1":0},"f":{"0":0},"b":{},"meta":{"lastBranch":0,"lastFunction":1,"lastStatement":2,"seen":{"s:5:24:54:Infinity":0,"f:5:24:5:30":0,"s:6:2:52:Infinity":1}}}
,"/Users/jeroch/GitHub/Constantec/Aplicacion_Constantec/constantec-web-app/src/pages/tutorial/index.tsx": {"path":"/Users/jeroch/GitHub/Constantec/Aplicacion_Constantec/constantec-web-app/src/pages/tutorial/index.tsx","statementMap":{"0":{"start":{"line":1,"column":0},"end":{"line":1,"column":null}}},"fnMap":{},"branchMap":{},"s":{"0":0},"f":{},"b":{},"meta":{"lastBranch":0,"lastFunction":0,"lastStatement":1,"seen":{"s:1:0:1:Infinity":0}}}
,"/Users/jeroch/GitHub/Constantec/Aplicacion_Constantec/constantec-web-app/src/pages/validacion-requisitos/ValidacionRequisitos.tsx": {"path":"/Users/jeroch/GitHub/Constantec/Aplicacion_Constantec/constantec-web-app/src/pages/validacion-requisitos/ValidacionRequisitos.tsx","statementMap":{"0":{"start":{"line":7,"column":35},"end":{"line":12,"column":null}},"1":{"start":{"line":17,"column":15},"end":{"line":17,"column":null}},"2":{"start":{"line":18,"column":18},"end":{"line":18,"column":null}},"3":{"start":{"line":19,"column":22},"end":{"line":19,"column":null}},"4":{"start":{"line":22,"column":27},"end":{"line":22,"column":null}},"5":{"start":{"line":23,"column":28},"end":{"line":23,"column":null}},"6":{"start":{"line":24,"column":28},"end":{"line":24,"column":null}},"7":{"start":{"line":26,"column":22},"end":{"line":26,"column":null}},"8":{"start":{"line":27,"column":24},"end":{"line":27,"column":null}},"9":{"start":{"line":29,"column":8},"end":{"line":31,"column":null}},"10":{"start":{"line":30,"column":4},"end":{"line":30,"column":null}},"11":{"start":{"line":33,"column":23},"end":{"line":47,"column":null}},"12":{"start":{"line":34,"column":21},"end":{"line":34,"column":null}},"13":{"start":{"line":35,"column":4},"end":{"line":35,"column":null}},"14":{"start":{"line":36,"column":4},"end":{"line":36,"column":null}},"15":{"start":{"line":36,"column":19},"end":{"line":36,"column":null}},"16":{"start":{"line":38,"column":4},"end":{"line":41,"column":null}},"17":{"start":{"line":39,"column":6},"end":{"line":39,"column":null}},"18":{"start":{"line":40,"column":6},"end":{"line":40,"column":null}},"19":{"start":{"line":42,"column":4},"end":{"line":45,"column":null}},"20":{"start":{"line":43,"column":6},"end":{"line":43,"column":null}},"21":{"start":{"line":44,"column":6},"end":{"line":44,"column":null}},"22":{"start":{"line":46,"column":4},"end":{"line":46,"column":null}},"23":{"start":{"line":49,"column":23},"end":{"line":68,"column":null}},"24":{"start":{"line":50,"column":4},"end":{"line":53,"column":null}},"25":{"start":{"line":51,"column":6},"end":{"line":51,"column":null}},"26":{"start":{"line":52,"column":6},"end":{"line":52,"column":null}},"27":{"start":{"line":55,"column":21},"end":{"line":55,"column":null}},"28":{"start":{"line":56,"column":4},"end":{"line":56,"column":null}},"29":{"start":{"line":57,"column":4},"end":{"line":57,"column":null}},"30":{"start":{"line":59,"column":4},"end":{"line":67,"column":null}},"31":{"start":{"line":61,"column":8},"end":{"line":61,"column":null}},"32":{"start":{"line":62,"column":8},"end":{"line":62,"column":null}},"33":{"start":{"line":65,"column":8},"end":{"line":65,"column":null}},"34":{"start":{"line":70,"column":8},"end":{"line":78,"column":null}},"35":{"start":{"line":71,"column":53},"end":{"line":76,"column":null}},"36":{"start":{"line":77,"column":4},"end":{"line":77,"column":null}},"37":{"start":{"line":81,"column":4},"end":{"line":82,"column":null}},"38":{"start":{"line":84,"column":2},"end":{"line":174,"column":null}}},"fnMap":{"0":{"name":"ValidacionRequisitos","decl":{"start":{"line":21,"column":16},"end":{"line":21,"column":39}},"loc":{"start":{"line":21,"column":39},"end":{"line":176,"column":null}},"line":21},"1":{"name":"(anonymous_1)","decl":{"start":{"line":29,"column":23},"end":{"line":29,"column":29}},"loc":{"start":{"line":29,"column":29},"end":{"line":31,"column":5}},"line":29},"2":{"name":"(anonymous_2)","decl":{"start":{"line":33,"column":23},"end":{"line":33,"column":24}},"loc":{"start":{"line":33,"column":67},"end":{"line":47,"column":null}},"line":33},"3":{"name":"(anonymous_3)","decl":{"start":{"line":49,"column":23},"end":{"line":49,"column":29}},"loc":{"start":{"line":49,"column":29},"end":{"line":68,"column":null}},"line":49},"4":{"name":"(anonymous_4)","decl":{"start":{"line":60,"column":17},"end":{"line":60,"column":23}},"loc":{"start":{"line":60,"column":23},"end":{"line":63,"column":null}},"line":60},"5":{"name":"(anonymous_5)","decl":{"start":{"line":64,"column":15},"end":{"line":64,"column":16}},"loc":{"start":{"line":64,"column":29},"end":{"line":66,"column":null}},"line":64},"6":{"name":"(anonymous_6)","decl":{"start":{"line":70,"column":30},"end":{"line":70,"column":36}},"loc":{"start":{"line":70,"column":36},"end":{"line":78,"column":5}},"line":70}},"branchMap":{"0":{"loc":{"start":{"line":30,"column":11},"end":{"line":30,"column":null}},"type":"binary-expr","locations":[{"start":{"line":30,"column":11},"end":{"line":30,"column":26}},{"start":{"line":30,"column":26},"end":{"line":30,"column":null}}],"line":30},"1":{"loc":{"start":{"line":34,"column":21},"end":{"line":34,"column":null}},"type":"binary-expr","locations":[{"start":{"line":34,"column":21},"end":{"line":34,"column":44}},{"start":{"line":34,"column":44},"end":{"line":34,"column":null}}],"line":34},"2":{"loc":{"start":{"line":36,"column":4},"end":{"line":36,"column":null}},"type":"if","locations":[{"start":{"line":36,"column":4},"end":{"line":36,"column":null}},{"start":{},"end":{}}],"line":36},"3":{"loc":{"start":{"line":38,"column":4},"end":{"line":41,"column":null}},"type":"if","locations":[{"start":{"line":38,"column":4},"end":{"line":41,"column":null}},{"start":{},"end":{}}],"line":38},"4":{"loc":{"start":{"line":42,"column":4},"end":{"line":45,"column":null}},"type":"if","locations":[{"start":{"line":42,"column":4},"end":{"line":45,"column":null}},{"start":{},"end":{}}],"line":42},"5":{"loc":{"start":{"line":50,"column":4},"end":{"line":53,"column":null}},"type":"if","locations":[{"start":{"line":50,"column":4},"end":{"line":53,"column":null}},{"start":{},"end":{}}],"line":50},"6":{"loc":{"start":{"line":50,"column":8},"end":{"line":50,"column":42}},"type":"binary-expr","locations":[{"start":{"line":50,"column":8},"end":{"line":50,"column":17}},{"start":{"line":50,"column":17},"end":{"line":50,"column":42}}],"line":50},"7":{"loc":{"start":{"line":65,"column":17},"end":{"line":65,"column":74}},"type":"binary-expr","locations":[{"start":{"line":65,"column":17},"end":{"line":65,"column":47}},{"start":{"line":65,"column":47},"end":{"line":65,"column":74}}],"line":65},"8":{"loc":{"start":{"line":77,"column":11},"end":{"line":77,"column":null}},"type":"binary-expr","locations":[{"start":{"line":77,"column":11},"end":{"line":77,"column":34}},{"start":{"line":77,"column":34},"end":{"line":77,"column":null}}],"line":77},"9":{"loc":{"start":{"line":81,"column":4},"end":{"line":82,"column":null}},"type":"binary-expr","locations":[{"start":{"line":81,"column":4},"end":{"line":81,"column":null}},{"start":{"line":82,"column":4},"end":{"line":82,"column":null}}],"line":81},"10":{"loc":{"start":{"line":108,"column":14},"end":{"line":112,"column":null}},"type":"cond-expr","locations":[{"start":{"line":109,"column":18},"end":{"line":109,"column":null}},{"start":{"line":110,"column":18},"end":{"line":112,"column":null}}],"line":108},"11":{"loc":{"start":{"line":110,"column":18},"end":{"line":112,"column":null}},"type":"cond-expr","locations":[{"start":{"line":111,"column":20},"end":{"line":111,"column":null}},{"start":{"line":112,"column":20},"end":{"line":112,"column":null}}],"line":110},"12":{"loc":{"start":{"line":120,"column":9},"end":{"line":123,"column":null}},"type":"binary-expr","locations":[{"start":{"line":120,"column":9},"end":{"line":120,"column":null}},{"start":{"line":121,"column":10},"end":{"line":123,"column":null}}],"line":120},"13":{"loc":{"start":{"line":126,"column":9},"end":{"line":130,"column":null}},"type":"binary-expr","locations":[{"start":{"line":126,"column":9},"end":{"line":126,"column":null}},{"start":{"line":127,"column":10},"end":{"line":130,"column":null}}],"line":126},"14":{"loc":{"start":{"line":133,"column":9},"end":{"line":137,"column":null}},"type":"binary-expr","locations":[{"start":{"line":133,"column":9},"end":{"line":133,"column":null}},{"start":{"line":134,"column":10},"end":{"line":134,"column":null}},{"start":{"line":135,"column":12},"end":{"line":137,"column":null}}],"line":133},"15":{"loc":{"start":{"line":140,"column":9},"end":{"line":144,"column":null}},"type":"binary-expr","locations":[{"start":{"line":140,"column":9},"end":{"line":140,"column":null}},{"start":{"line":141,"column":10},"end":{"line":144,"column":null}}],"line":140},"16":{"loc":{"start":{"line":149,"column":9},"end":{"line":171,"column":null}},"type":"binary-expr","locations":[{"start":{"line":149,"column":9},"end":{"line":149,"column":null}},{"start":{"line":150,"column":10},"end":{"line":171,"column":null}}],"line":149},"17":{"loc":{"start":{"line":159,"column":13},"end":{"line":159,"column":null}},"type":"binary-expr","locations":[{"start":{"line":159,"column":13},"end":{"line":159,"column":21}},{"start":{"line":159,"column":21},"end":{"line":159,"column":null}}],"line":159},"18":{"loc":{"start":{"line":160,"column":13},"end":{"line":160,"column":null}},"type":"binary-expr","locations":[{"start":{"line":160,"column":13},"end":{"line":160,"column":22}},{"start":{"line":160,"column":22},"end":{"line":160,"column":null}}],"line":160},"19":{"loc":{"start":{"line":163,"column":32},"end":{"line":163,"column":52}},"type":"binary-expr","locations":[{"start":{"line":163,"column":32},"end":{"line":163,"column":41}},{"start":{"line":163,"column":41},"end":{"line":163,"column":52}}],"line":163},"20":{"loc":{"start":{"line":164,"column":17},"end":{"line":164,"column":null}},"type":"cond-expr","locations":[{"start":{"line":164,"column":29},"end":{"line":164,"column":43}},{"start":{"line":164,"column":43},"end":{"line":164,"column":null}}],"line":164}},"s":{"0":0,"1":0,"2":0,"3":0,"4":0,"5":0,"6":0,"7":0,"8":0,"9":0,"10":0,"11":0,"12":0,"13":0,"14":0,"15":0,"16":0,"17":0,"18":0,"19":0,"20":0,"21":0,"22":0,"23":0,"24":0,"25":0,"26":0,"27":0,"28":0,"29":0,"30":0,"31":0,"32":0,"33":0,"34":0,"35":0,"36":0,"37":0,"38":0},"f":{"0":0,"1":0,"2":0,"3":0,"4":0,"5":0,"6":0},"b":{"0":[0,0],"1":[0,0],"2":[0,0],"3":[0,0],"4":[0,0],"5":[0,0],"6":[0,0],"7":[0,0],"8":[0,0],"9":[0,0],"10":[0,0],"11":[0,0],"12":[0,0],"13":[0,0],"14":[0,0,0],"15":[0,0],"16":[0,0],"17":[0,0],"18":[0,0],"19":[0,0],"20":[0,0]},"meta":{"lastBranch":21,"lastFunction":7,"lastStatement":39,"seen":{"s:7:35:12:Infinity":0,"s:17:15:17:Infinity":1,"s:18:18:18:Infinity":2,"s:19:22:19:Infinity":3,"f:21:16:21:39":0,"s:22:27:22:Infinity":4,"s:23:28:23:Infinity":5,"s:24:28:24:Infinity":6,"s:26:22:26:Infinity":7,"s:27:24:27:Infinity":8,"s:29:8:31:Infinity":9,"f:29:23:29:29":1,"s:30:4:30:Infinity":10,"b:30:11:30:26:30:26:30:Infinity":0,"s:33:23:47:Infinity":11,"f:33:23:33:24":2,"s:34:21:34:Infinity":12,"b:34:21:34:44:34:44:34:Infinity":1,"s:35:4:35:Infinity":13,"b:36:4:36:Infinity:undefined:undefined:undefined:undefined":2,"s:36:4:36:Infinity":14,"s:36:19:36:Infinity":15,"b:38:4:41:Infinity:undefined:undefined:undefined:undefined":3,"s:38:4:41:Infinity":16,"s:39:6:39:Infinity":17,"s:40:6:40:Infinity":18,"b:42:4:45:Infinity:undefined:undefined:undefined:undefined":4,"s:42:4:45:Infinity":19,"s:43:6:43:Infinity":20,"s:44:6:44:Infinity":21,"s:46:4:46:Infinity":22,"s:49:23:68:Infinity":23,"f:49:23:49:29":3,"b:50:4:53:Infinity:undefined:undefined:undefined:undefined":5,"s:50:4:53:Infinity":24,"b:50:8:50:17:50:17:50:42":6,"s:51:6:51:Infinity":25,"s:52:6:52:Infinity":26,"s:55:21:55:Infinity":27,"s:56:4:56:Infinity":28,"s:57:4:57:Infinity":29,"s:59:4:67:Infinity":30,"f:60:17:60:23":4,"s:61:8:61:Infinity":31,"s:62:8:62:Infinity":32,"f:64:15:64:16":5,"s:65:8:65:Infinity":33,"b:65:17:65:47:65:47:65:74":7,"s:70:8:78:Infinity":34,"f:70:30:70:36":6,"s:71:53:76:Infinity":35,"s:77:4:77:Infinity":36,"b:77:11:77:34:77:34:77:Infinity":8,"s:81:4:82:Infinity":37,"b:81:4:81:Infinity:82:4:82:Infinity":9,"s:84:2:174:Infinity":38,"b:109:18:109:Infinity:110:18:112:Infinity":10,"b:111:20:111:Infinity:112:20:112:Infinity":11,"b:120:9:120:Infinity:121:10:123:Infinity":12,"b:126:9:126:Infinity:127:10:130:Infinity":13,"b:133:9:133:Infinity:134:10:134:Infinity:135:12:137:Infinity":14,"b:140:9:140:Infinity:141:10:144:Infinity":15,"b:149:9:149:Infinity:150:10:171:Infinity":16,"b:159:13:159:21:159:21:159:Infinity":17,"b:160:13:160:22:160:22:160:Infinity":18,"b:163:32:163:41:163:41:163:52":19,"b:164:29:164:43:164:43:164:Infinity":20}}}
,"/Users/jeroch/GitHub/Constantec/Aplicacion_Constantec/constantec-web-app/src/pages/validacion-requisitos/index.tsx": {"path":"/Users/jeroch/GitHub/Constantec/Aplicacion_Constantec/constantec-web-app/src/pages/validacion-requisitos/index.tsx","statementMap":{"0":{"start":{"line":1,"column":0},"end":{"line":1,"column":null}}},"fnMap":{},"branchMap":{},"s":{"0":0},"f":{},"b":{},"meta":{"lastBranch":0,"lastFunction":0,"lastStatement":1,"seen":{"s:1:0:1:Infinity":0}}}
,"/Users/jeroch/GitHub/Constantec/Aplicacion_Constantec/constantec-web-app/src/pages/validacion-requisitos/useGetEstadoComprobante.tsx": {"path":"/Users/jeroch/GitHub/Constantec/Aplicacion_Constantec/constantec-web-app/src/pages/validacion-requisitos/useGetEstadoComprobante.tsx","statementMap":{"0":{"start":{"line":4,"column":39},"end":{"line":14,"column":null}},"1":{"start":{"line":5,"column":2},"end":{"line":13,"column":null}},"2":{"start":{"line":8,"column":23},"end":{"line":8,"column":null}},"3":{"start":{"line":9,"column":6},"end":{"line":9,"column":null}}},"fnMap":{"0":{"name":"(anonymous_0)","decl":{"start":{"line":4,"column":39},"end":{"line":4,"column":40}},"loc":{"start":{"line":4,"column":75},"end":{"line":14,"column":null}},"line":4},"1":{"name":"(anonymous_1)","decl":{"start":{"line":7,"column":13},"end":{"line":7,"column":25}},"loc":{"start":{"line":7,"column":25},"end":{"line":10,"column":null}},"line":7}},"branchMap":{},"s":{"0":0,"1":0,"2":0,"3":0},"f":{"0":0,"1":0},"b":{},"meta":{"lastBranch":0,"lastFunction":2,"lastStatement":4,"seen":{"s:4:39:14:Infinity":0,"f:4:39:4:40":0,"s:5:2:13:Infinity":1,"f:7:13:7:25":1,"s:8:23:8:Infinity":2,"s:9:6:9:Infinity":3}}}
,"/Users/jeroch/GitHub/Constantec/Aplicacion_Constantec/constantec-web-app/src/pages/validacion-requisitos/useGetUsuario.tsx": {"path":"/Users/jeroch/GitHub/Constantec/Aplicacion_Constantec/constantec-web-app/src/pages/validacion-requisitos/useGetUsuario.tsx","statementMap":{"0":{"start":{"line":5,"column":16},"end":{"line":5,"column":null}},"1":{"start":{"line":6,"column":2},"end":{"line":6,"column":null}},"2":{"start":{"line":6,"column":14},"end":{"line":6,"column":null}},"3":{"start":{"line":7,"column":2},"end":{"line":12,"column":null}},"4":{"start":{"line":8,"column":20},"end":{"line":8,"column":null}},"5":{"start":{"line":9,"column":4},"end":{"line":9,"column":null}},"6":{"start":{"line":11,"column":4},"end":{"line":11,"column":null}},"7":{"start":{"line":16,"column":21},"end":{"line":16,"column":null}},"8":{"start":{"line":18,"column":2},"end":{"line":25,"column":null}},"9":{"start":{"line":21,"column":23},"end":{"line":21,"column":null}},"10":{"start":{"line":22,"column":6},"end":{"line":22,"column":null}}},"fnMap":{"0":{"name":"getNoControlDeToken","decl":{"start":{"line":4,"column":16},"end":{"line":4,"column":38}},"loc":{"start":{"line":4,"column":38},"end":{"line":13,"column":null}},"line":4},"1":{"name":"useGetUsuario","decl":{"start":{"line":15,"column":16},"end":{"line":15,"column":32}},"loc":{"start":{"line":15,"column":32},"end":{"line":26,"column":null}},"line":15},"2":{"name":"(anonymous_2)","decl":{"start":{"line":20,"column":13},"end":{"line":20,"column":25}},"loc":{"start":{"line":20,"column":25},"end":{"line":23,"column":null}},"line":20}},"branchMap":{"0":{"loc":{"start":{"line":6,"column":2},"end":{"line":6,"column":null}},"type":"if","locations":[{"start":{"line":6,"column":2},"end":{"line":6,"column":null}},{"start":{},"end":{}}],"line":6}},"s":{"0":0,"1":0,"2":0,"3":0,"4":0,"5":0,"6":0,"7":0,"8":0,"9":0,"10":0},"f":{"0":0,"1":0,"2":0},"b":{"0":[0,0]},"meta":{"lastBranch":1,"lastFunction":3,"lastStatement":11,"seen":{"f:4:16:4:38":0,"s:5:16:5:Infinity":0,"b:6:2:6:Infinity:undefined:undefined:undefined:undefined":0,"s:6:2:6:Infinity":1,"s:6:14:6:Infinity":2,"s:7:2:12:Infinity":3,"s:8:20:8:Infinity":4,"s:9:4:9:Infinity":5,"s:11:4:11:Infinity":6,"f:15:16:15:32":1,"s:16:21:16:Infinity":7,"s:18:2:25:Infinity":8,"f:20:13:20:25":2,"s:21:23:21:Infinity":9,"s:22:6:22:Infinity":10}}}
,"/Users/jeroch/GitHub/Constantec/Aplicacion_Constantec/constantec-web-app/src/pages/validacion-requisitos/usePostComprobante.tsx": {"path":"/Users/jeroch/GitHub/Constantec/Aplicacion_Constantec/constantec-web-app/src/pages/validacion-requisitos/usePostComprobante.tsx","statementMap":{"0":{"start":{"line":9,"column":34},"end":{"line":31,"column":null}},"1":{"start":{"line":10,"column":8},"end":{"line":10,"column":null}},"2":{"start":{"line":12,"column":2},"end":{"line":30,"column":null}},"3":{"start":{"line":15,"column":23},"end":{"line":23,"column":null}},"4":{"start":{"line":24,"column":6},"end":{"line":24,"column":null}},"5":{"start":{"line":28,"column":6},"end":{"line":28,"column":null}}},"fnMap":{"0":{"name":"(anonymous_0)","decl":{"start":{"line":9,"column":34},"end":{"line":9,"column":40}},"loc":{"start":{"line":9,"column":40},"end":{"line":31,"column":null}},"line":9},"1":{"name":"(anonymous_1)","decl":{"start":{"line":13,"column":16},"end":{"line":13,"column":23}},"loc":{"start":{"line":13,"column":46},"end":{"line":25,"column":null}},"line":13},"2":{"name":"(anonymous_2)","decl":{"start":{"line":26,"column":15},"end":{"line":26,"column":21}},"loc":{"start":{"line":26,"column":21},"end":{"line":29,"column":null}},"line":26}},"branchMap":{},"s":{"0":0,"1":0,"2":0,"3":0,"4":0,"5":0},"f":{"0":0,"1":0,"2":0},"b":{},"meta":{"lastBranch":0,"lastFunction":3,"lastStatement":6,"seen":{"s:9:34:31:Infinity":0,"f:9:34:9:40":0,"s:10:8:10:Infinity":1,"s:12:2:30:Infinity":2,"f:13:16:13:23":1,"s:15:23:23:Infinity":3,"s:24:6:24:Infinity":4,"f:26:15:26:21":2,"s:28:6:28:Infinity":5}}}
}
